   0  $accept : Program $end

   1  Program : ClassList

   2  ClassList : ClassList ClassDef
   3            | ClassDef

   4  VariableDef : Variable ';'

   5  Variable : Type IDENTIFIER

   6  Type : INT
   7       | VOID
   8       | BOOL
   9       | STRING
  10       | CLASS IDENTIFIER
  11       | Type '[' ']'

  12  ClassDef : CLASS IDENTIFIER ExtendsClause '{' FieldList '}'
  13           | SEALED CLASS IDENTIFIER ExtendsClause '{' FieldList '}'

  14  ExtendsClause : EXTENDS IDENTIFIER
  15                |

  16  FieldList : FieldList VariableDef
  17            | FieldList FunctionDef
  18            |

  19  Formals : VariableList
  20          |

  21  VariableList : VariableList ',' Variable
  22               | Variable

  23  FunctionDef : STATIC Type IDENTIFIER '(' Formals ')' StmtBlock
  24              | Type IDENTIFIER '(' Formals ')' StmtBlock

  25  StmtBlock : '{' StmtList '}'

  26  StmtList : StmtList Stmt
  27           |

  28  Stmt : VariableDef
  29       | SimpleStmt ';'
  30       | GuardedStmt
  31       | ForeachStmt
  32       | IfStmt
  33       | WhileStmt
  34       | ForStmt
  35       | ReturnStmt ';'
  36       | PrintStmt ';'
  37       | BreakStmt ';'
  38       | OcStmt ';'
  39       | StmtBlock

  40  ForeachStmt : FOREACH '(' BoundVariable IN Expr WHILE Expr ')' Stmt
  41              | FOREACH '(' BoundVariable IN Expr ')' Stmt

  42  BoundVariable : VAR IDENTIFIER
  43                | Type IDENTIFIER

  44  SimpleStmt : LValue '=' Expr
  45             | Call
  46             |

  47  Receiver : Expr '.'
  48           |

  49  LValue : Receiver IDENTIFIER
  50         | Expr '[' Expr ']'
  51         | VAR IDENTIFIER

  52  Call : Receiver IDENTIFIER '(' Actuals ')'

  53  Expr : LValue
  54       | Call
  55       | Constant
  56       | Expr ARRAY_INIT Expr
  57       | Expr ARRAY_JOINT Expr
  58       | Expr '[' Expr ':' Expr ']'
  59       | Expr '[' Expr ']' DEFAULT Expr
  60       | '[' Expr FOR IDENTIFIER IN Expr ']'
  61       | '[' Expr FOR IDENTIFIER IN Expr IF Expr ']'
  62       | Expr '+' Expr
  63       | Expr '-' Expr
  64       | Expr '*' Expr
  65       | Expr '/' Expr
  66       | Expr '%' Expr
  67       | Expr EQUAL Expr
  68       | Expr NOT_EQUAL Expr
  69       | Expr '<' Expr
  70       | Expr '>' Expr
  71       | Expr LESS_EQUAL Expr
  72       | Expr GREATER_EQUAL Expr
  73       | Expr AND Expr
  74       | Expr OR Expr
  75       | '(' Expr ')'
  76       | '-' Expr
  77       | '!' Expr
  78       | READ_INTEGER '(' ')'
  79       | READ_LINE '(' ')'
  80       | THIS
  81       | NEW IDENTIFIER '(' ')'
  82       | NEW Type '[' Expr ']'
  83       | INSTANCEOF '(' Expr ',' IDENTIFIER ')'
  84       | '(' CLASS IDENTIFIER ')' Expr

  85  Constant : LITERAL
  86           | NULL
  87           | ArrayConstant

  88  ArrayConstant : '[' ConstListReceiver ']'

  89  ConstListReceiver : ConstList
  90                    |

  91  ConstList : ConstList ',' Constant
  92            | Constant

  93  Actuals : ExprList
  94          |

  95  ExprList : ExprList ',' Expr
  96           | Expr

  97  WhileStmt : WHILE '(' Expr ')' Stmt

  98  ForStmt : FOR '(' SimpleStmt ';' Expr ';' SimpleStmt ')' Stmt

  99  BreakStmt : BREAK

 100  IfStmt : IF '(' Expr ')' Stmt ElseClause

 101  OcStmt : SCOPY '(' IDENTIFIER ',' Expr ')'

 102  GuardedStmt : IF '{' IfSubStmtListReceiver '}'

 103  IfSubStmtListReceiver : IfSubStmtList
 104                        |

 105  IfSubStmtList : IfSubStmtList GUARDED_OP IfSubStmt
 106                | IfSubStmt

 107  IfSubStmt : Expr ':' Stmt

 108  ElseClause : ELSE Stmt
 109             |

 110  ReturnStmt : RETURN Expr
 111             | RETURN

 112  PrintStmt : PRINT '(' ExprList ')'

state 0
	$accept : . Program $end  (0)

	CLASS  shift 1
	SEALED  shift 2
	.  error

	Program  goto 3
	ClassList  goto 4
	ClassDef  goto 5


state 1
	ClassDef : CLASS . IDENTIFIER ExtendsClause '{' FieldList '}'  (12)

	IDENTIFIER  shift 6
	.  error


state 2
	ClassDef : SEALED . CLASS IDENTIFIER ExtendsClause '{' FieldList '}'  (13)

	CLASS  shift 7
	.  error


state 3
	$accept : Program . $end  (0)

	$end  accept


state 4
	Program : ClassList .  (1)
	ClassList : ClassList . ClassDef  (2)

	CLASS  shift 1
	SEALED  shift 2
	$end  reduce 1

	ClassDef  goto 8


state 5
	ClassList : ClassDef .  (3)

	.  reduce 3


state 6
	ClassDef : CLASS IDENTIFIER . ExtendsClause '{' FieldList '}'  (12)
	ExtendsClause : .  (15)

	EXTENDS  shift 9
	'{'  reduce 15

	ExtendsClause  goto 10


state 7
	ClassDef : SEALED CLASS . IDENTIFIER ExtendsClause '{' FieldList '}'  (13)

	IDENTIFIER  shift 11
	.  error


state 8
	ClassList : ClassList ClassDef .  (2)

	.  reduce 2


state 9
	ExtendsClause : EXTENDS . IDENTIFIER  (14)

	IDENTIFIER  shift 12
	.  error


state 10
	ClassDef : CLASS IDENTIFIER ExtendsClause . '{' FieldList '}'  (12)

	'{'  shift 13
	.  error


state 11
	ClassDef : SEALED CLASS IDENTIFIER . ExtendsClause '{' FieldList '}'  (13)
	ExtendsClause : .  (15)

	EXTENDS  shift 9
	'{'  reduce 15

	ExtendsClause  goto 14


state 12
	ExtendsClause : EXTENDS IDENTIFIER .  (14)

	.  reduce 14


state 13
	ClassDef : CLASS IDENTIFIER ExtendsClause '{' . FieldList '}'  (12)
	FieldList : .  (18)

	.  reduce 18

	FieldList  goto 15


state 14
	ClassDef : SEALED CLASS IDENTIFIER ExtendsClause . '{' FieldList '}'  (13)

	'{'  shift 16
	.  error


state 15
	ClassDef : CLASS IDENTIFIER ExtendsClause '{' FieldList . '}'  (12)
	FieldList : FieldList . VariableDef  (16)
	FieldList : FieldList . FunctionDef  (17)

	VOID  shift 17
	BOOL  shift 18
	INT  shift 19
	STRING  shift 20
	CLASS  shift 21
	STATIC  shift 22
	'}'  shift 23
	.  error

	VariableDef  goto 24
	Variable  goto 25
	Type  goto 26
	FunctionDef  goto 27


state 16
	ClassDef : SEALED CLASS IDENTIFIER ExtendsClause '{' . FieldList '}'  (13)
	FieldList : .  (18)

	.  reduce 18

	FieldList  goto 28


state 17
	Type : VOID .  (7)

	.  reduce 7


state 18
	Type : BOOL .  (8)

	.  reduce 8


state 19
	Type : INT .  (6)

	.  reduce 6


state 20
	Type : STRING .  (9)

	.  reduce 9


state 21
	Type : CLASS . IDENTIFIER  (10)

	IDENTIFIER  shift 29
	.  error


state 22
	FunctionDef : STATIC . Type IDENTIFIER '(' Formals ')' StmtBlock  (23)

	VOID  shift 17
	BOOL  shift 18
	INT  shift 19
	STRING  shift 20
	CLASS  shift 21
	.  error

	Type  goto 30


state 23
	ClassDef : CLASS IDENTIFIER ExtendsClause '{' FieldList '}' .  (12)

	.  reduce 12


state 24
	FieldList : FieldList VariableDef .  (16)

	.  reduce 16


state 25
	VariableDef : Variable . ';'  (4)

	';'  shift 31
	.  error


state 26
	Variable : Type . IDENTIFIER  (5)
	Type : Type . '[' ']'  (11)
	FunctionDef : Type . IDENTIFIER '(' Formals ')' StmtBlock  (24)

	IDENTIFIER  shift 32
	'['  shift 33
	.  error


state 27
	FieldList : FieldList FunctionDef .  (17)

	.  reduce 17


state 28
	ClassDef : SEALED CLASS IDENTIFIER ExtendsClause '{' FieldList . '}'  (13)
	FieldList : FieldList . VariableDef  (16)
	FieldList : FieldList . FunctionDef  (17)

	VOID  shift 17
	BOOL  shift 18
	INT  shift 19
	STRING  shift 20
	CLASS  shift 21
	STATIC  shift 22
	'}'  shift 34
	.  error

	VariableDef  goto 24
	Variable  goto 25
	Type  goto 26
	FunctionDef  goto 27


state 29
	Type : CLASS IDENTIFIER .  (10)

	.  reduce 10


state 30
	Type : Type . '[' ']'  (11)
	FunctionDef : STATIC Type . IDENTIFIER '(' Formals ')' StmtBlock  (23)

	IDENTIFIER  shift 35
	'['  shift 33
	.  error


state 31
	VariableDef : Variable ';' .  (4)

	.  reduce 4


state 32
	Variable : Type IDENTIFIER .  (5)
	FunctionDef : Type IDENTIFIER . '(' Formals ')' StmtBlock  (24)

	'('  shift 36
	';'  reduce 5


state 33
	Type : Type '[' . ']'  (11)

	']'  shift 37
	.  error


state 34
	ClassDef : SEALED CLASS IDENTIFIER ExtendsClause '{' FieldList '}' .  (13)

	.  reduce 13


state 35
	FunctionDef : STATIC Type IDENTIFIER . '(' Formals ')' StmtBlock  (23)

	'('  shift 38
	.  error


state 36
	FunctionDef : Type IDENTIFIER '(' . Formals ')' StmtBlock  (24)
	Formals : .  (20)

	VOID  shift 17
	BOOL  shift 18
	INT  shift 19
	STRING  shift 20
	CLASS  shift 21
	')'  reduce 20

	Variable  goto 39
	Type  goto 40
	Formals  goto 41
	VariableList  goto 42


state 37
	Type : Type '[' ']' .  (11)

	.  reduce 11


state 38
	FunctionDef : STATIC Type IDENTIFIER '(' . Formals ')' StmtBlock  (23)
	Formals : .  (20)

	VOID  shift 17
	BOOL  shift 18
	INT  shift 19
	STRING  shift 20
	CLASS  shift 21
	')'  reduce 20

	Variable  goto 39
	Type  goto 40
	Formals  goto 43
	VariableList  goto 42


state 39
	VariableList : Variable .  (22)

	.  reduce 22


state 40
	Variable : Type . IDENTIFIER  (5)
	Type : Type . '[' ']'  (11)

	IDENTIFIER  shift 44
	'['  shift 33
	.  error


state 41
	FunctionDef : Type IDENTIFIER '(' Formals . ')' StmtBlock  (24)

	')'  shift 45
	.  error


state 42
	Formals : VariableList .  (19)
	VariableList : VariableList . ',' Variable  (21)

	','  shift 46
	')'  reduce 19


state 43
	FunctionDef : STATIC Type IDENTIFIER '(' Formals . ')' StmtBlock  (23)

	')'  shift 47
	.  error


state 44
	Variable : Type IDENTIFIER .  (5)

	.  reduce 5


state 45
	FunctionDef : Type IDENTIFIER '(' Formals ')' . StmtBlock  (24)

	'{'  shift 48
	.  error

	StmtBlock  goto 49


state 46
	VariableList : VariableList ',' . Variable  (21)

	VOID  shift 17
	BOOL  shift 18
	INT  shift 19
	STRING  shift 20
	CLASS  shift 21
	.  error

	Variable  goto 50
	Type  goto 40


state 47
	FunctionDef : STATIC Type IDENTIFIER '(' Formals ')' . StmtBlock  (23)

	'{'  shift 48
	.  error

	StmtBlock  goto 51


state 48
	StmtBlock : '{' . StmtList '}'  (25)
	StmtList : .  (27)

	.  reduce 27

	StmtList  goto 52


state 49
	FunctionDef : Type IDENTIFIER '(' Formals ')' StmtBlock .  (24)

	.  reduce 24


state 50
	VariableList : VariableList ',' Variable .  (21)

	.  reduce 21


state 51
	FunctionDef : STATIC Type IDENTIFIER '(' Formals ')' StmtBlock .  (23)

	.  reduce 23


state 52
	StmtBlock : '{' StmtList . '}'  (25)
	StmtList : StmtList . Stmt  (26)
	SimpleStmt : .  (46)
	Receiver : .  (48)

	VOID  shift 17
	BOOL  shift 18
	INT  shift 19
	STRING  shift 20
	CLASS  shift 21
	NULL  shift 53
	THIS  shift 54
	WHILE  shift 55
	FOR  shift 56
	IF  shift 57
	RETURN  shift 58
	BREAK  shift 59
	NEW  shift 60
	PRINT  shift 61
	READ_INTEGER  shift 62
	READ_LINE  shift 63
	LITERAL  shift 64
	INSTANCEOF  shift 65
	'-'  shift 66
	'!'  shift 67
	'('  shift 68
	'['  shift 69
	'{'  shift 48
	'}'  shift 70
	SCOPY  shift 71
	VAR  shift 72
	FOREACH  shift 73
	IDENTIFIER  reduce 48
	';'  reduce 46

	VariableDef  goto 74
	Variable  goto 25
	Type  goto 40
	StmtBlock  goto 75
	Stmt  goto 76
	SimpleStmt  goto 77
	GuardedStmt  goto 78
	ForeachStmt  goto 79
	IfStmt  goto 80
	WhileStmt  goto 81
	ForStmt  goto 82
	ReturnStmt  goto 83
	PrintStmt  goto 84
	BreakStmt  goto 85
	OcStmt  goto 86
	Expr  goto 87
	LValue  goto 88
	Call  goto 89
	Receiver  goto 90
	Constant  goto 91
	ArrayConstant  goto 92


state 53
	Constant : NULL .  (86)

	.  reduce 86


state 54
	Expr : THIS .  (80)

	.  reduce 80


state 55
	WhileStmt : WHILE . '(' Expr ')' Stmt  (97)

	'('  shift 93
	.  error


state 56
	ForStmt : FOR . '(' SimpleStmt ';' Expr ';' SimpleStmt ')' Stmt  (98)

	'('  shift 94
	.  error


state 57
	IfStmt : IF . '(' Expr ')' Stmt ElseClause  (100)
	GuardedStmt : IF . '{' IfSubStmtListReceiver '}'  (102)

	'('  shift 95
	'{'  shift 96
	.  error


state 58
	ReturnStmt : RETURN . Expr  (110)
	ReturnStmt : RETURN .  (111)
	Receiver : .  (48)

	NULL  shift 53
	THIS  shift 54
	NEW  shift 60
	READ_INTEGER  shift 62
	READ_LINE  shift 63
	LITERAL  shift 64
	INSTANCEOF  shift 65
	'-'  shift 66
	'!'  shift 67
	'('  shift 68
	'['  shift 69
	VAR  shift 72
	IDENTIFIER  reduce 48
	';'  reduce 111

	Expr  goto 97
	LValue  goto 98
	Call  goto 99
	Receiver  goto 90
	Constant  goto 91
	ArrayConstant  goto 92


state 59
	BreakStmt : BREAK .  (99)

	.  reduce 99


state 60
	Expr : NEW . IDENTIFIER '(' ')'  (81)
	Expr : NEW . Type '[' Expr ']'  (82)

	VOID  shift 17
	BOOL  shift 18
	INT  shift 19
	STRING  shift 20
	CLASS  shift 21
	IDENTIFIER  shift 100
	.  error

	Type  goto 101


state 61
	PrintStmt : PRINT . '(' ExprList ')'  (112)

	'('  shift 102
	.  error


state 62
	Expr : READ_INTEGER . '(' ')'  (78)

	'('  shift 103
	.  error


state 63
	Expr : READ_LINE . '(' ')'  (79)

	'('  shift 104
	.  error


state 64
	Constant : LITERAL .  (85)

	.  reduce 85


state 65
	Expr : INSTANCEOF . '(' Expr ',' IDENTIFIER ')'  (83)

	'('  shift 105
	.  error


state 66
	Expr : '-' . Expr  (76)
	Receiver : .  (48)

	NULL  shift 53
	THIS  shift 54
	NEW  shift 60
	READ_INTEGER  shift 62
	READ_LINE  shift 63
	LITERAL  shift 64
	INSTANCEOF  shift 65
	'-'  shift 66
	'!'  shift 67
	'('  shift 68
	'['  shift 69
	VAR  shift 72
	IDENTIFIER  reduce 48

	Expr  goto 106
	LValue  goto 98
	Call  goto 99
	Receiver  goto 90
	Constant  goto 91
	ArrayConstant  goto 92


state 67
	Expr : '!' . Expr  (77)
	Receiver : .  (48)

	NULL  shift 53
	THIS  shift 54
	NEW  shift 60
	READ_INTEGER  shift 62
	READ_LINE  shift 63
	LITERAL  shift 64
	INSTANCEOF  shift 65
	'-'  shift 66
	'!'  shift 67
	'('  shift 68
	'['  shift 69
	VAR  shift 72
	IDENTIFIER  reduce 48

	Expr  goto 107
	LValue  goto 98
	Call  goto 99
	Receiver  goto 90
	Constant  goto 91
	ArrayConstant  goto 92


state 68
	Expr : '(' . Expr ')'  (75)
	Expr : '(' . CLASS IDENTIFIER ')' Expr  (84)
	Receiver : .  (48)

	CLASS  shift 108
	NULL  shift 53
	THIS  shift 54
	NEW  shift 60
	READ_INTEGER  shift 62
	READ_LINE  shift 63
	LITERAL  shift 64
	INSTANCEOF  shift 65
	'-'  shift 66
	'!'  shift 67
	'('  shift 68
	'['  shift 69
	VAR  shift 72
	IDENTIFIER  reduce 48

	Expr  goto 109
	LValue  goto 98
	Call  goto 99
	Receiver  goto 90
	Constant  goto 91
	ArrayConstant  goto 92


state 69
	Expr : '[' . Expr FOR IDENTIFIER IN Expr ']'  (60)
	Expr : '[' . Expr FOR IDENTIFIER IN Expr IF Expr ']'  (61)
	ArrayConstant : '[' . ConstListReceiver ']'  (88)
	Receiver : .  (48)
	ConstListReceiver : .  (90)

	NULL  shift 53
	THIS  shift 54
	NEW  shift 60
	READ_INTEGER  shift 62
	READ_LINE  shift 63
	LITERAL  shift 64
	INSTANCEOF  shift 65
	'-'  shift 66
	'!'  shift 67
	'('  shift 68
	'['  shift 69
	VAR  shift 72
	IDENTIFIER  reduce 48
	']'  reduce 90

	Expr  goto 110
	LValue  goto 98
	Call  goto 99
	Receiver  goto 90
	Constant  goto 111
	ArrayConstant  goto 92
	ConstListReceiver  goto 112
	ConstList  goto 113


state 70
	StmtBlock : '{' StmtList '}' .  (25)

	.  reduce 25


state 71
	OcStmt : SCOPY . '(' IDENTIFIER ',' Expr ')'  (101)

	'('  shift 114
	.  error


state 72
	LValue : VAR . IDENTIFIER  (51)

	IDENTIFIER  shift 115
	.  error


state 73
	ForeachStmt : FOREACH . '(' BoundVariable IN Expr WHILE Expr ')' Stmt  (40)
	ForeachStmt : FOREACH . '(' BoundVariable IN Expr ')' Stmt  (41)

	'('  shift 116
	.  error


state 74
	Stmt : VariableDef .  (28)

	.  reduce 28


state 75
	Stmt : StmtBlock .  (39)

	.  reduce 39


state 76
	StmtList : StmtList Stmt .  (26)

	.  reduce 26


state 77
	Stmt : SimpleStmt . ';'  (29)

	';'  shift 117
	.  error


state 78
	Stmt : GuardedStmt .  (30)

	.  reduce 30


state 79
	Stmt : ForeachStmt .  (31)

	.  reduce 31


state 80
	Stmt : IfStmt .  (32)

	.  reduce 32


state 81
	Stmt : WhileStmt .  (33)

	.  reduce 33


state 82
	Stmt : ForStmt .  (34)

	.  reduce 34


state 83
	Stmt : ReturnStmt . ';'  (35)

	';'  shift 118
	.  error


state 84
	Stmt : PrintStmt . ';'  (36)

	';'  shift 119
	.  error


state 85
	Stmt : BreakStmt . ';'  (37)

	';'  shift 120
	.  error


state 86
	Stmt : OcStmt . ';'  (38)

	';'  shift 121
	.  error


state 87
	Receiver : Expr . '.'  (47)
	LValue : Expr . '[' Expr ']'  (50)
	Expr : Expr . ARRAY_INIT Expr  (56)
	Expr : Expr . ARRAY_JOINT Expr  (57)
	Expr : Expr . '[' Expr ':' Expr ']'  (58)
	Expr : Expr . '[' Expr ']' DEFAULT Expr  (59)
	Expr : Expr . '+' Expr  (62)
	Expr : Expr . '-' Expr  (63)
	Expr : Expr . '*' Expr  (64)
	Expr : Expr . '/' Expr  (65)
	Expr : Expr . '%' Expr  (66)
	Expr : Expr . EQUAL Expr  (67)
	Expr : Expr . NOT_EQUAL Expr  (68)
	Expr : Expr . '<' Expr  (69)
	Expr : Expr . '>' Expr  (70)
	Expr : Expr . LESS_EQUAL Expr  (71)
	Expr : Expr . GREATER_EQUAL Expr  (72)
	Expr : Expr . AND Expr  (73)
	Expr : Expr . OR Expr  (74)

	AND  shift 122
	OR  shift 123
	LESS_EQUAL  shift 124
	GREATER_EQUAL  shift 125
	EQUAL  shift 126
	NOT_EQUAL  shift 127
	'+'  shift 128
	'-'  shift 129
	'*'  shift 130
	'/'  shift 131
	'%'  shift 132
	'>'  shift 133
	'<'  shift 134
	'.'  shift 135
	'['  shift 136
	ARRAY_INIT  shift 137
	ARRAY_JOINT  shift 138
	.  error


state 88
	SimpleStmt : LValue . '=' Expr  (44)
	Expr : LValue .  (53)

	'='  shift 139
	AND  reduce 53
	OR  reduce 53
	LESS_EQUAL  reduce 53
	GREATER_EQUAL  reduce 53
	EQUAL  reduce 53
	NOT_EQUAL  reduce 53
	'+'  reduce 53
	'-'  reduce 53
	'*'  reduce 53
	'/'  reduce 53
	'%'  reduce 53
	'>'  reduce 53
	'<'  reduce 53
	'.'  reduce 53
	'['  reduce 53
	ARRAY_INIT  reduce 53
	ARRAY_JOINT  reduce 53


state 89
	SimpleStmt : Call .  (45)
	Expr : Call .  (54)

	AND  reduce 54
	OR  reduce 54
	LESS_EQUAL  reduce 54
	GREATER_EQUAL  reduce 54
	EQUAL  reduce 54
	NOT_EQUAL  reduce 54
	'+'  reduce 54
	'-'  reduce 54
	'*'  reduce 54
	'/'  reduce 54
	'%'  reduce 54
	'>'  reduce 54
	'<'  reduce 54
	'.'  reduce 54
	';'  reduce 45
	')'  reduce 45
	'['  reduce 54
	ARRAY_INIT  reduce 54
	ARRAY_JOINT  reduce 54


state 90
	LValue : Receiver . IDENTIFIER  (49)
	Call : Receiver . IDENTIFIER '(' Actuals ')'  (52)

	IDENTIFIER  shift 140
	.  error


state 91
	Expr : Constant .  (55)

	.  reduce 55


state 92
	Constant : ArrayConstant .  (87)

	.  reduce 87


state 93
	WhileStmt : WHILE '(' . Expr ')' Stmt  (97)
	Receiver : .  (48)

	NULL  shift 53
	THIS  shift 54
	NEW  shift 60
	READ_INTEGER  shift 62
	READ_LINE  shift 63
	LITERAL  shift 64
	INSTANCEOF  shift 65
	'-'  shift 66
	'!'  shift 67
	'('  shift 68
	'['  shift 69
	VAR  shift 72
	IDENTIFIER  reduce 48

	Expr  goto 141
	LValue  goto 98
	Call  goto 99
	Receiver  goto 90
	Constant  goto 91
	ArrayConstant  goto 92


state 94
	ForStmt : FOR '(' . SimpleStmt ';' Expr ';' SimpleStmt ')' Stmt  (98)
	SimpleStmt : .  (46)
	Receiver : .  (48)

	NULL  shift 53
	THIS  shift 54
	NEW  shift 60
	READ_INTEGER  shift 62
	READ_LINE  shift 63
	LITERAL  shift 64
	INSTANCEOF  shift 65
	'-'  shift 66
	'!'  shift 67
	'('  shift 68
	'['  shift 69
	VAR  shift 72
	IDENTIFIER  reduce 48
	';'  reduce 46

	SimpleStmt  goto 142
	Expr  goto 87
	LValue  goto 88
	Call  goto 89
	Receiver  goto 90
	Constant  goto 91
	ArrayConstant  goto 92


state 95
	IfStmt : IF '(' . Expr ')' Stmt ElseClause  (100)
	Receiver : .  (48)

	NULL  shift 53
	THIS  shift 54
	NEW  shift 60
	READ_INTEGER  shift 62
	READ_LINE  shift 63
	LITERAL  shift 64
	INSTANCEOF  shift 65
	'-'  shift 66
	'!'  shift 67
	'('  shift 68
	'['  shift 69
	VAR  shift 72
	IDENTIFIER  reduce 48

	Expr  goto 143
	LValue  goto 98
	Call  goto 99
	Receiver  goto 90
	Constant  goto 91
	ArrayConstant  goto 92


state 96
	GuardedStmt : IF '{' . IfSubStmtListReceiver '}'  (102)
	Receiver : .  (48)
	IfSubStmtListReceiver : .  (104)

	NULL  shift 53
	THIS  shift 54
	NEW  shift 60
	READ_INTEGER  shift 62
	READ_LINE  shift 63
	LITERAL  shift 64
	INSTANCEOF  shift 65
	'-'  shift 66
	'!'  shift 67
	'('  shift 68
	'['  shift 69
	VAR  shift 72
	IDENTIFIER  reduce 48
	'}'  reduce 104

	Expr  goto 144
	LValue  goto 98
	Call  goto 99
	Receiver  goto 90
	Constant  goto 91
	ArrayConstant  goto 92
	IfSubStmtListReceiver  goto 145
	IfSubStmtList  goto 146
	IfSubStmt  goto 147


state 97
	Receiver : Expr . '.'  (47)
	LValue : Expr . '[' Expr ']'  (50)
	Expr : Expr . ARRAY_INIT Expr  (56)
	Expr : Expr . ARRAY_JOINT Expr  (57)
	Expr : Expr . '[' Expr ':' Expr ']'  (58)
	Expr : Expr . '[' Expr ']' DEFAULT Expr  (59)
	Expr : Expr . '+' Expr  (62)
	Expr : Expr . '-' Expr  (63)
	Expr : Expr . '*' Expr  (64)
	Expr : Expr . '/' Expr  (65)
	Expr : Expr . '%' Expr  (66)
	Expr : Expr . EQUAL Expr  (67)
	Expr : Expr . NOT_EQUAL Expr  (68)
	Expr : Expr . '<' Expr  (69)
	Expr : Expr . '>' Expr  (70)
	Expr : Expr . LESS_EQUAL Expr  (71)
	Expr : Expr . GREATER_EQUAL Expr  (72)
	Expr : Expr . AND Expr  (73)
	Expr : Expr . OR Expr  (74)
	ReturnStmt : RETURN Expr .  (110)

	AND  shift 122
	OR  shift 123
	LESS_EQUAL  shift 124
	GREATER_EQUAL  shift 125
	EQUAL  shift 126
	NOT_EQUAL  shift 127
	'+'  shift 128
	'-'  shift 129
	'*'  shift 130
	'/'  shift 131
	'%'  shift 132
	'>'  shift 133
	'<'  shift 134
	'.'  shift 135
	'['  shift 136
	ARRAY_INIT  shift 137
	ARRAY_JOINT  shift 138
	';'  reduce 110


state 98
	Expr : LValue .  (53)

	.  reduce 53


state 99
	Expr : Call .  (54)

	.  reduce 54


state 100
	Expr : NEW IDENTIFIER . '(' ')'  (81)

	'('  shift 148
	.  error


state 101
	Type : Type . '[' ']'  (11)
	Expr : NEW Type . '[' Expr ']'  (82)

	'['  shift 149
	.  error


state 102
	PrintStmt : PRINT '(' . ExprList ')'  (112)
	Receiver : .  (48)

	NULL  shift 53
	THIS  shift 54
	NEW  shift 60
	READ_INTEGER  shift 62
	READ_LINE  shift 63
	LITERAL  shift 64
	INSTANCEOF  shift 65
	'-'  shift 66
	'!'  shift 67
	'('  shift 68
	'['  shift 69
	VAR  shift 72
	IDENTIFIER  reduce 48

	Expr  goto 150
	LValue  goto 98
	Call  goto 99
	Receiver  goto 90
	Constant  goto 91
	ArrayConstant  goto 92
	ExprList  goto 151


state 103
	Expr : READ_INTEGER '(' . ')'  (78)

	')'  shift 152
	.  error


state 104
	Expr : READ_LINE '(' . ')'  (79)

	')'  shift 153
	.  error


state 105
	Expr : INSTANCEOF '(' . Expr ',' IDENTIFIER ')'  (83)
	Receiver : .  (48)

	NULL  shift 53
	THIS  shift 54
	NEW  shift 60
	READ_INTEGER  shift 62
	READ_LINE  shift 63
	LITERAL  shift 64
	INSTANCEOF  shift 65
	'-'  shift 66
	'!'  shift 67
	'('  shift 68
	'['  shift 69
	VAR  shift 72
	IDENTIFIER  reduce 48

	Expr  goto 154
	LValue  goto 98
	Call  goto 99
	Receiver  goto 90
	Constant  goto 91
	ArrayConstant  goto 92


state 106
	Receiver : Expr . '.'  (47)
	LValue : Expr . '[' Expr ']'  (50)
	Expr : Expr . ARRAY_INIT Expr  (56)
	Expr : Expr . ARRAY_JOINT Expr  (57)
	Expr : Expr . '[' Expr ':' Expr ']'  (58)
	Expr : Expr . '[' Expr ']' DEFAULT Expr  (59)
	Expr : Expr . '+' Expr  (62)
	Expr : Expr . '-' Expr  (63)
	Expr : Expr . '*' Expr  (64)
	Expr : Expr . '/' Expr  (65)
	Expr : Expr . '%' Expr  (66)
	Expr : Expr . EQUAL Expr  (67)
	Expr : Expr . NOT_EQUAL Expr  (68)
	Expr : Expr . '<' Expr  (69)
	Expr : Expr . '>' Expr  (70)
	Expr : Expr . LESS_EQUAL Expr  (71)
	Expr : Expr . GREATER_EQUAL Expr  (72)
	Expr : Expr . AND Expr  (73)
	Expr : Expr . OR Expr  (74)
	Expr : '-' Expr .  (76)

	'.'  shift 135
	'['  shift 136
	WHILE  reduce 76
	FOR  reduce 76
	IF  reduce 76
	AND  reduce 76
	OR  reduce 76
	LESS_EQUAL  reduce 76
	GREATER_EQUAL  reduce 76
	EQUAL  reduce 76
	NOT_EQUAL  reduce 76
	'+'  reduce 76
	'-'  reduce 76
	'*'  reduce 76
	'/'  reduce 76
	'%'  reduce 76
	'>'  reduce 76
	'<'  reduce 76
	','  reduce 76
	';'  reduce 76
	')'  reduce 76
	']'  reduce 76
	':'  reduce 76
	ARRAY_INIT  reduce 76
	ARRAY_JOINT  reduce 76


state 107
	Receiver : Expr . '.'  (47)
	LValue : Expr . '[' Expr ']'  (50)
	Expr : Expr . ARRAY_INIT Expr  (56)
	Expr : Expr . ARRAY_JOINT Expr  (57)
	Expr : Expr . '[' Expr ':' Expr ']'  (58)
	Expr : Expr . '[' Expr ']' DEFAULT Expr  (59)
	Expr : Expr . '+' Expr  (62)
	Expr : Expr . '-' Expr  (63)
	Expr : Expr . '*' Expr  (64)
	Expr : Expr . '/' Expr  (65)
	Expr : Expr . '%' Expr  (66)
	Expr : Expr . EQUAL Expr  (67)
	Expr : Expr . NOT_EQUAL Expr  (68)
	Expr : Expr . '<' Expr  (69)
	Expr : Expr . '>' Expr  (70)
	Expr : Expr . LESS_EQUAL Expr  (71)
	Expr : Expr . GREATER_EQUAL Expr  (72)
	Expr : Expr . AND Expr  (73)
	Expr : Expr . OR Expr  (74)
	Expr : '!' Expr .  (77)

	'.'  shift 135
	'['  shift 136
	WHILE  reduce 77
	FOR  reduce 77
	IF  reduce 77
	AND  reduce 77
	OR  reduce 77
	LESS_EQUAL  reduce 77
	GREATER_EQUAL  reduce 77
	EQUAL  reduce 77
	NOT_EQUAL  reduce 77
	'+'  reduce 77
	'-'  reduce 77
	'*'  reduce 77
	'/'  reduce 77
	'%'  reduce 77
	'>'  reduce 77
	'<'  reduce 77
	','  reduce 77
	';'  reduce 77
	')'  reduce 77
	']'  reduce 77
	':'  reduce 77
	ARRAY_INIT  reduce 77
	ARRAY_JOINT  reduce 77


state 108
	Expr : '(' CLASS . IDENTIFIER ')' Expr  (84)

	IDENTIFIER  shift 155
	.  error


state 109
	Receiver : Expr . '.'  (47)
	LValue : Expr . '[' Expr ']'  (50)
	Expr : Expr . ARRAY_INIT Expr  (56)
	Expr : Expr . ARRAY_JOINT Expr  (57)
	Expr : Expr . '[' Expr ':' Expr ']'  (58)
	Expr : Expr . '[' Expr ']' DEFAULT Expr  (59)
	Expr : Expr . '+' Expr  (62)
	Expr : Expr . '-' Expr  (63)
	Expr : Expr . '*' Expr  (64)
	Expr : Expr . '/' Expr  (65)
	Expr : Expr . '%' Expr  (66)
	Expr : Expr . EQUAL Expr  (67)
	Expr : Expr . NOT_EQUAL Expr  (68)
	Expr : Expr . '<' Expr  (69)
	Expr : Expr . '>' Expr  (70)
	Expr : Expr . LESS_EQUAL Expr  (71)
	Expr : Expr . GREATER_EQUAL Expr  (72)
	Expr : Expr . AND Expr  (73)
	Expr : Expr . OR Expr  (74)
	Expr : '(' Expr . ')'  (75)

	AND  shift 122
	OR  shift 123
	LESS_EQUAL  shift 124
	GREATER_EQUAL  shift 125
	EQUAL  shift 126
	NOT_EQUAL  shift 127
	'+'  shift 128
	'-'  shift 129
	'*'  shift 130
	'/'  shift 131
	'%'  shift 132
	'>'  shift 133
	'<'  shift 134
	'.'  shift 135
	')'  shift 156
	'['  shift 136
	ARRAY_INIT  shift 137
	ARRAY_JOINT  shift 138
	.  error


state 110
	Receiver : Expr . '.'  (47)
	LValue : Expr . '[' Expr ']'  (50)
	Expr : Expr . ARRAY_INIT Expr  (56)
	Expr : Expr . ARRAY_JOINT Expr  (57)
	Expr : Expr . '[' Expr ':' Expr ']'  (58)
	Expr : Expr . '[' Expr ']' DEFAULT Expr  (59)
	Expr : '[' Expr . FOR IDENTIFIER IN Expr ']'  (60)
	Expr : '[' Expr . FOR IDENTIFIER IN Expr IF Expr ']'  (61)
	Expr : Expr . '+' Expr  (62)
	Expr : Expr . '-' Expr  (63)
	Expr : Expr . '*' Expr  (64)
	Expr : Expr . '/' Expr  (65)
	Expr : Expr . '%' Expr  (66)
	Expr : Expr . EQUAL Expr  (67)
	Expr : Expr . NOT_EQUAL Expr  (68)
	Expr : Expr . '<' Expr  (69)
	Expr : Expr . '>' Expr  (70)
	Expr : Expr . LESS_EQUAL Expr  (71)
	Expr : Expr . GREATER_EQUAL Expr  (72)
	Expr : Expr . AND Expr  (73)
	Expr : Expr . OR Expr  (74)

	FOR  shift 157
	AND  shift 122
	OR  shift 123
	LESS_EQUAL  shift 124
	GREATER_EQUAL  shift 125
	EQUAL  shift 126
	NOT_EQUAL  shift 127
	'+'  shift 128
	'-'  shift 129
	'*'  shift 130
	'/'  shift 131
	'%'  shift 132
	'>'  shift 133
	'<'  shift 134
	'.'  shift 135
	'['  shift 136
	ARRAY_INIT  shift 137
	ARRAY_JOINT  shift 138
	.  error


state 111
	Expr : Constant .  (55)
	ConstList : Constant .  (92)

	FOR  reduce 55
	AND  reduce 55
	OR  reduce 55
	LESS_EQUAL  reduce 55
	GREATER_EQUAL  reduce 55
	EQUAL  reduce 55
	NOT_EQUAL  reduce 55
	'+'  reduce 55
	'-'  reduce 55
	'*'  reduce 55
	'/'  reduce 55
	'%'  reduce 55
	'>'  reduce 55
	'<'  reduce 55
	'.'  reduce 55
	','  reduce 92
	'['  reduce 55
	']'  reduce 92
	ARRAY_INIT  reduce 55
	ARRAY_JOINT  reduce 55


state 112
	ArrayConstant : '[' ConstListReceiver . ']'  (88)

	']'  shift 158
	.  error


state 113
	ConstListReceiver : ConstList .  (89)
	ConstList : ConstList . ',' Constant  (91)

	','  shift 159
	']'  reduce 89


state 114
	OcStmt : SCOPY '(' . IDENTIFIER ',' Expr ')'  (101)

	IDENTIFIER  shift 160
	.  error


state 115
	LValue : VAR IDENTIFIER .  (51)

	.  reduce 51


state 116
	ForeachStmt : FOREACH '(' . BoundVariable IN Expr WHILE Expr ')' Stmt  (40)
	ForeachStmt : FOREACH '(' . BoundVariable IN Expr ')' Stmt  (41)

	VOID  shift 17
	BOOL  shift 18
	INT  shift 19
	STRING  shift 20
	CLASS  shift 21
	VAR  shift 161
	.  error

	Type  goto 162
	BoundVariable  goto 163


state 117
	Stmt : SimpleStmt ';' .  (29)

	.  reduce 29


state 118
	Stmt : ReturnStmt ';' .  (35)

	.  reduce 35


state 119
	Stmt : PrintStmt ';' .  (36)

	.  reduce 36


state 120
	Stmt : BreakStmt ';' .  (37)

	.  reduce 37


state 121
	Stmt : OcStmt ';' .  (38)

	.  reduce 38


state 122
	Expr : Expr AND . Expr  (73)
	Receiver : .  (48)

	NULL  shift 53
	THIS  shift 54
	NEW  shift 60
	READ_INTEGER  shift 62
	READ_LINE  shift 63
	LITERAL  shift 64
	INSTANCEOF  shift 65
	'-'  shift 66
	'!'  shift 67
	'('  shift 68
	'['  shift 69
	VAR  shift 72
	IDENTIFIER  reduce 48

	Expr  goto 164
	LValue  goto 98
	Call  goto 99
	Receiver  goto 90
	Constant  goto 91
	ArrayConstant  goto 92


state 123
	Expr : Expr OR . Expr  (74)
	Receiver : .  (48)

	NULL  shift 53
	THIS  shift 54
	NEW  shift 60
	READ_INTEGER  shift 62
	READ_LINE  shift 63
	LITERAL  shift 64
	INSTANCEOF  shift 65
	'-'  shift 66
	'!'  shift 67
	'('  shift 68
	'['  shift 69
	VAR  shift 72
	IDENTIFIER  reduce 48

	Expr  goto 165
	LValue  goto 98
	Call  goto 99
	Receiver  goto 90
	Constant  goto 91
	ArrayConstant  goto 92


state 124
	Expr : Expr LESS_EQUAL . Expr  (71)
	Receiver : .  (48)

	NULL  shift 53
	THIS  shift 54
	NEW  shift 60
	READ_INTEGER  shift 62
	READ_LINE  shift 63
	LITERAL  shift 64
	INSTANCEOF  shift 65
	'-'  shift 66
	'!'  shift 67
	'('  shift 68
	'['  shift 69
	VAR  shift 72
	IDENTIFIER  reduce 48

	Expr  goto 166
	LValue  goto 98
	Call  goto 99
	Receiver  goto 90
	Constant  goto 91
	ArrayConstant  goto 92


state 125
	Expr : Expr GREATER_EQUAL . Expr  (72)
	Receiver : .  (48)

	NULL  shift 53
	THIS  shift 54
	NEW  shift 60
	READ_INTEGER  shift 62
	READ_LINE  shift 63
	LITERAL  shift 64
	INSTANCEOF  shift 65
	'-'  shift 66
	'!'  shift 67
	'('  shift 68
	'['  shift 69
	VAR  shift 72
	IDENTIFIER  reduce 48

	Expr  goto 167
	LValue  goto 98
	Call  goto 99
	Receiver  goto 90
	Constant  goto 91
	ArrayConstant  goto 92


state 126
	Expr : Expr EQUAL . Expr  (67)
	Receiver : .  (48)

	NULL  shift 53
	THIS  shift 54
	NEW  shift 60
	READ_INTEGER  shift 62
	READ_LINE  shift 63
	LITERAL  shift 64
	INSTANCEOF  shift 65
	'-'  shift 66
	'!'  shift 67
	'('  shift 68
	'['  shift 69
	VAR  shift 72
	IDENTIFIER  reduce 48

	Expr  goto 168
	LValue  goto 98
	Call  goto 99
	Receiver  goto 90
	Constant  goto 91
	ArrayConstant  goto 92


state 127
	Expr : Expr NOT_EQUAL . Expr  (68)
	Receiver : .  (48)

	NULL  shift 53
	THIS  shift 54
	NEW  shift 60
	READ_INTEGER  shift 62
	READ_LINE  shift 63
	LITERAL  shift 64
	INSTANCEOF  shift 65
	'-'  shift 66
	'!'  shift 67
	'('  shift 68
	'['  shift 69
	VAR  shift 72
	IDENTIFIER  reduce 48

	Expr  goto 169
	LValue  goto 98
	Call  goto 99
	Receiver  goto 90
	Constant  goto 91
	ArrayConstant  goto 92


state 128
	Expr : Expr '+' . Expr  (62)
	Receiver : .  (48)

	NULL  shift 53
	THIS  shift 54
	NEW  shift 60
	READ_INTEGER  shift 62
	READ_LINE  shift 63
	LITERAL  shift 64
	INSTANCEOF  shift 65
	'-'  shift 66
	'!'  shift 67
	'('  shift 68
	'['  shift 69
	VAR  shift 72
	IDENTIFIER  reduce 48

	Expr  goto 170
	LValue  goto 98
	Call  goto 99
	Receiver  goto 90
	Constant  goto 91
	ArrayConstant  goto 92


state 129
	Expr : Expr '-' . Expr  (63)
	Receiver : .  (48)

	NULL  shift 53
	THIS  shift 54
	NEW  shift 60
	READ_INTEGER  shift 62
	READ_LINE  shift 63
	LITERAL  shift 64
	INSTANCEOF  shift 65
	'-'  shift 66
	'!'  shift 67
	'('  shift 68
	'['  shift 69
	VAR  shift 72
	IDENTIFIER  reduce 48

	Expr  goto 171
	LValue  goto 98
	Call  goto 99
	Receiver  goto 90
	Constant  goto 91
	ArrayConstant  goto 92


state 130
	Expr : Expr '*' . Expr  (64)
	Receiver : .  (48)

	NULL  shift 53
	THIS  shift 54
	NEW  shift 60
	READ_INTEGER  shift 62
	READ_LINE  shift 63
	LITERAL  shift 64
	INSTANCEOF  shift 65
	'-'  shift 66
	'!'  shift 67
	'('  shift 68
	'['  shift 69
	VAR  shift 72
	IDENTIFIER  reduce 48

	Expr  goto 172
	LValue  goto 98
	Call  goto 99
	Receiver  goto 90
	Constant  goto 91
	ArrayConstant  goto 92


state 131
	Expr : Expr '/' . Expr  (65)
	Receiver : .  (48)

	NULL  shift 53
	THIS  shift 54
	NEW  shift 60
	READ_INTEGER  shift 62
	READ_LINE  shift 63
	LITERAL  shift 64
	INSTANCEOF  shift 65
	'-'  shift 66
	'!'  shift 67
	'('  shift 68
	'['  shift 69
	VAR  shift 72
	IDENTIFIER  reduce 48

	Expr  goto 173
	LValue  goto 98
	Call  goto 99
	Receiver  goto 90
	Constant  goto 91
	ArrayConstant  goto 92


state 132
	Expr : Expr '%' . Expr  (66)
	Receiver : .  (48)

	NULL  shift 53
	THIS  shift 54
	NEW  shift 60
	READ_INTEGER  shift 62
	READ_LINE  shift 63
	LITERAL  shift 64
	INSTANCEOF  shift 65
	'-'  shift 66
	'!'  shift 67
	'('  shift 68
	'['  shift 69
	VAR  shift 72
	IDENTIFIER  reduce 48

	Expr  goto 174
	LValue  goto 98
	Call  goto 99
	Receiver  goto 90
	Constant  goto 91
	ArrayConstant  goto 92


state 133
	Expr : Expr '>' . Expr  (70)
	Receiver : .  (48)

	NULL  shift 53
	THIS  shift 54
	NEW  shift 60
	READ_INTEGER  shift 62
	READ_LINE  shift 63
	LITERAL  shift 64
	INSTANCEOF  shift 65
	'-'  shift 66
	'!'  shift 67
	'('  shift 68
	'['  shift 69
	VAR  shift 72
	IDENTIFIER  reduce 48

	Expr  goto 175
	LValue  goto 98
	Call  goto 99
	Receiver  goto 90
	Constant  goto 91
	ArrayConstant  goto 92


state 134
	Expr : Expr '<' . Expr  (69)
	Receiver : .  (48)

	NULL  shift 53
	THIS  shift 54
	NEW  shift 60
	READ_INTEGER  shift 62
	READ_LINE  shift 63
	LITERAL  shift 64
	INSTANCEOF  shift 65
	'-'  shift 66
	'!'  shift 67
	'('  shift 68
	'['  shift 69
	VAR  shift 72
	IDENTIFIER  reduce 48

	Expr  goto 176
	LValue  goto 98
	Call  goto 99
	Receiver  goto 90
	Constant  goto 91
	ArrayConstant  goto 92


state 135
	Receiver : Expr '.' .  (47)

	.  reduce 47


state 136
	LValue : Expr '[' . Expr ']'  (50)
	Expr : Expr '[' . Expr ':' Expr ']'  (58)
	Expr : Expr '[' . Expr ']' DEFAULT Expr  (59)
	Receiver : .  (48)

	NULL  shift 53
	THIS  shift 54
	NEW  shift 60
	READ_INTEGER  shift 62
	READ_LINE  shift 63
	LITERAL  shift 64
	INSTANCEOF  shift 65
	'-'  shift 66
	'!'  shift 67
	'('  shift 68
	'['  shift 69
	VAR  shift 72
	IDENTIFIER  reduce 48

	Expr  goto 177
	LValue  goto 98
	Call  goto 99
	Receiver  goto 90
	Constant  goto 91
	ArrayConstant  goto 92


state 137
	Expr : Expr ARRAY_INIT . Expr  (56)
	Receiver : .  (48)

	NULL  shift 53
	THIS  shift 54
	NEW  shift 60
	READ_INTEGER  shift 62
	READ_LINE  shift 63
	LITERAL  shift 64
	INSTANCEOF  shift 65
	'-'  shift 66
	'!'  shift 67
	'('  shift 68
	'['  shift 69
	VAR  shift 72
	IDENTIFIER  reduce 48

	Expr  goto 178
	LValue  goto 98
	Call  goto 99
	Receiver  goto 90
	Constant  goto 91
	ArrayConstant  goto 92


state 138
	Expr : Expr ARRAY_JOINT . Expr  (57)
	Receiver : .  (48)

	NULL  shift 53
	THIS  shift 54
	NEW  shift 60
	READ_INTEGER  shift 62
	READ_LINE  shift 63
	LITERAL  shift 64
	INSTANCEOF  shift 65
	'-'  shift 66
	'!'  shift 67
	'('  shift 68
	'['  shift 69
	VAR  shift 72
	IDENTIFIER  reduce 48

	Expr  goto 179
	LValue  goto 98
	Call  goto 99
	Receiver  goto 90
	Constant  goto 91
	ArrayConstant  goto 92


state 139
	SimpleStmt : LValue '=' . Expr  (44)
	Receiver : .  (48)

	NULL  shift 53
	THIS  shift 54
	NEW  shift 60
	READ_INTEGER  shift 62
	READ_LINE  shift 63
	LITERAL  shift 64
	INSTANCEOF  shift 65
	'-'  shift 66
	'!'  shift 67
	'('  shift 68
	'['  shift 69
	VAR  shift 72
	IDENTIFIER  reduce 48

	Expr  goto 180
	LValue  goto 98
	Call  goto 99
	Receiver  goto 90
	Constant  goto 91
	ArrayConstant  goto 92


state 140
	LValue : Receiver IDENTIFIER .  (49)
	Call : Receiver IDENTIFIER . '(' Actuals ')'  (52)

	'('  shift 181
	WHILE  reduce 49
	FOR  reduce 49
	IF  reduce 49
	AND  reduce 49
	OR  reduce 49
	LESS_EQUAL  reduce 49
	GREATER_EQUAL  reduce 49
	EQUAL  reduce 49
	NOT_EQUAL  reduce 49
	'+'  reduce 49
	'-'  reduce 49
	'*'  reduce 49
	'/'  reduce 49
	'%'  reduce 49
	'='  reduce 49
	'>'  reduce 49
	'<'  reduce 49
	'.'  reduce 49
	','  reduce 49
	';'  reduce 49
	')'  reduce 49
	'['  reduce 49
	']'  reduce 49
	':'  reduce 49
	ARRAY_INIT  reduce 49
	ARRAY_JOINT  reduce 49


state 141
	Receiver : Expr . '.'  (47)
	LValue : Expr . '[' Expr ']'  (50)
	Expr : Expr . ARRAY_INIT Expr  (56)
	Expr : Expr . ARRAY_JOINT Expr  (57)
	Expr : Expr . '[' Expr ':' Expr ']'  (58)
	Expr : Expr . '[' Expr ']' DEFAULT Expr  (59)
	Expr : Expr . '+' Expr  (62)
	Expr : Expr . '-' Expr  (63)
	Expr : Expr . '*' Expr  (64)
	Expr : Expr . '/' Expr  (65)
	Expr : Expr . '%' Expr  (66)
	Expr : Expr . EQUAL Expr  (67)
	Expr : Expr . NOT_EQUAL Expr  (68)
	Expr : Expr . '<' Expr  (69)
	Expr : Expr . '>' Expr  (70)
	Expr : Expr . LESS_EQUAL Expr  (71)
	Expr : Expr . GREATER_EQUAL Expr  (72)
	Expr : Expr . AND Expr  (73)
	Expr : Expr . OR Expr  (74)
	WhileStmt : WHILE '(' Expr . ')' Stmt  (97)

	AND  shift 122
	OR  shift 123
	LESS_EQUAL  shift 124
	GREATER_EQUAL  shift 125
	EQUAL  shift 126
	NOT_EQUAL  shift 127
	'+'  shift 128
	'-'  shift 129
	'*'  shift 130
	'/'  shift 131
	'%'  shift 132
	'>'  shift 133
	'<'  shift 134
	'.'  shift 135
	')'  shift 182
	'['  shift 136
	ARRAY_INIT  shift 137
	ARRAY_JOINT  shift 138
	.  error


state 142
	ForStmt : FOR '(' SimpleStmt . ';' Expr ';' SimpleStmt ')' Stmt  (98)

	';'  shift 183
	.  error


state 143
	Receiver : Expr . '.'  (47)
	LValue : Expr . '[' Expr ']'  (50)
	Expr : Expr . ARRAY_INIT Expr  (56)
	Expr : Expr . ARRAY_JOINT Expr  (57)
	Expr : Expr . '[' Expr ':' Expr ']'  (58)
	Expr : Expr . '[' Expr ']' DEFAULT Expr  (59)
	Expr : Expr . '+' Expr  (62)
	Expr : Expr . '-' Expr  (63)
	Expr : Expr . '*' Expr  (64)
	Expr : Expr . '/' Expr  (65)
	Expr : Expr . '%' Expr  (66)
	Expr : Expr . EQUAL Expr  (67)
	Expr : Expr . NOT_EQUAL Expr  (68)
	Expr : Expr . '<' Expr  (69)
	Expr : Expr . '>' Expr  (70)
	Expr : Expr . LESS_EQUAL Expr  (71)
	Expr : Expr . GREATER_EQUAL Expr  (72)
	Expr : Expr . AND Expr  (73)
	Expr : Expr . OR Expr  (74)
	IfStmt : IF '(' Expr . ')' Stmt ElseClause  (100)

	AND  shift 122
	OR  shift 123
	LESS_EQUAL  shift 124
	GREATER_EQUAL  shift 125
	EQUAL  shift 126
	NOT_EQUAL  shift 127
	'+'  shift 128
	'-'  shift 129
	'*'  shift 130
	'/'  shift 131
	'%'  shift 132
	'>'  shift 133
	'<'  shift 134
	'.'  shift 135
	')'  shift 184
	'['  shift 136
	ARRAY_INIT  shift 137
	ARRAY_JOINT  shift 138
	.  error


state 144
	Receiver : Expr . '.'  (47)
	LValue : Expr . '[' Expr ']'  (50)
	Expr : Expr . ARRAY_INIT Expr  (56)
	Expr : Expr . ARRAY_JOINT Expr  (57)
	Expr : Expr . '[' Expr ':' Expr ']'  (58)
	Expr : Expr . '[' Expr ']' DEFAULT Expr  (59)
	Expr : Expr . '+' Expr  (62)
	Expr : Expr . '-' Expr  (63)
	Expr : Expr . '*' Expr  (64)
	Expr : Expr . '/' Expr  (65)
	Expr : Expr . '%' Expr  (66)
	Expr : Expr . EQUAL Expr  (67)
	Expr : Expr . NOT_EQUAL Expr  (68)
	Expr : Expr . '<' Expr  (69)
	Expr : Expr . '>' Expr  (70)
	Expr : Expr . LESS_EQUAL Expr  (71)
	Expr : Expr . GREATER_EQUAL Expr  (72)
	Expr : Expr . AND Expr  (73)
	Expr : Expr . OR Expr  (74)
	IfSubStmt : Expr . ':' Stmt  (107)

	AND  shift 122
	OR  shift 123
	LESS_EQUAL  shift 124
	GREATER_EQUAL  shift 125
	EQUAL  shift 126
	NOT_EQUAL  shift 127
	'+'  shift 128
	'-'  shift 129
	'*'  shift 130
	'/'  shift 131
	'%'  shift 132
	'>'  shift 133
	'<'  shift 134
	'.'  shift 135
	'['  shift 136
	':'  shift 185
	ARRAY_INIT  shift 137
	ARRAY_JOINT  shift 138
	.  error


state 145
	GuardedStmt : IF '{' IfSubStmtListReceiver . '}'  (102)

	'}'  shift 186
	.  error


state 146
	IfSubStmtListReceiver : IfSubStmtList .  (103)
	IfSubStmtList : IfSubStmtList . GUARDED_OP IfSubStmt  (105)

	GUARDED_OP  shift 187
	'}'  reduce 103


state 147
	IfSubStmtList : IfSubStmt .  (106)

	.  reduce 106


state 148
	Expr : NEW IDENTIFIER '(' . ')'  (81)

	')'  shift 188
	.  error


state 149
	Type : Type '[' . ']'  (11)
	Expr : NEW Type '[' . Expr ']'  (82)
	Receiver : .  (48)

	NULL  shift 53
	THIS  shift 54
	NEW  shift 60
	READ_INTEGER  shift 62
	READ_LINE  shift 63
	LITERAL  shift 64
	INSTANCEOF  shift 65
	'-'  shift 66
	'!'  shift 67
	'('  shift 68
	'['  shift 69
	']'  shift 37
	VAR  shift 72
	IDENTIFIER  reduce 48

	Expr  goto 189
	LValue  goto 98
	Call  goto 99
	Receiver  goto 90
	Constant  goto 91
	ArrayConstant  goto 92


state 150
	Receiver : Expr . '.'  (47)
	LValue : Expr . '[' Expr ']'  (50)
	Expr : Expr . ARRAY_INIT Expr  (56)
	Expr : Expr . ARRAY_JOINT Expr  (57)
	Expr : Expr . '[' Expr ':' Expr ']'  (58)
	Expr : Expr . '[' Expr ']' DEFAULT Expr  (59)
	Expr : Expr . '+' Expr  (62)
	Expr : Expr . '-' Expr  (63)
	Expr : Expr . '*' Expr  (64)
	Expr : Expr . '/' Expr  (65)
	Expr : Expr . '%' Expr  (66)
	Expr : Expr . EQUAL Expr  (67)
	Expr : Expr . NOT_EQUAL Expr  (68)
	Expr : Expr . '<' Expr  (69)
	Expr : Expr . '>' Expr  (70)
	Expr : Expr . LESS_EQUAL Expr  (71)
	Expr : Expr . GREATER_EQUAL Expr  (72)
	Expr : Expr . AND Expr  (73)
	Expr : Expr . OR Expr  (74)
	ExprList : Expr .  (96)

	AND  shift 122
	OR  shift 123
	LESS_EQUAL  shift 124
	GREATER_EQUAL  shift 125
	EQUAL  shift 126
	NOT_EQUAL  shift 127
	'+'  shift 128
	'-'  shift 129
	'*'  shift 130
	'/'  shift 131
	'%'  shift 132
	'>'  shift 133
	'<'  shift 134
	'.'  shift 135
	'['  shift 136
	ARRAY_INIT  shift 137
	ARRAY_JOINT  shift 138
	','  reduce 96
	')'  reduce 96


state 151
	ExprList : ExprList . ',' Expr  (95)
	PrintStmt : PRINT '(' ExprList . ')'  (112)

	','  shift 190
	')'  shift 191
	.  error


state 152
	Expr : READ_INTEGER '(' ')' .  (78)

	.  reduce 78


state 153
	Expr : READ_LINE '(' ')' .  (79)

	.  reduce 79


state 154
	Receiver : Expr . '.'  (47)
	LValue : Expr . '[' Expr ']'  (50)
	Expr : Expr . ARRAY_INIT Expr  (56)
	Expr : Expr . ARRAY_JOINT Expr  (57)
	Expr : Expr . '[' Expr ':' Expr ']'  (58)
	Expr : Expr . '[' Expr ']' DEFAULT Expr  (59)
	Expr : Expr . '+' Expr  (62)
	Expr : Expr . '-' Expr  (63)
	Expr : Expr . '*' Expr  (64)
	Expr : Expr . '/' Expr  (65)
	Expr : Expr . '%' Expr  (66)
	Expr : Expr . EQUAL Expr  (67)
	Expr : Expr . NOT_EQUAL Expr  (68)
	Expr : Expr . '<' Expr  (69)
	Expr : Expr . '>' Expr  (70)
	Expr : Expr . LESS_EQUAL Expr  (71)
	Expr : Expr . GREATER_EQUAL Expr  (72)
	Expr : Expr . AND Expr  (73)
	Expr : Expr . OR Expr  (74)
	Expr : INSTANCEOF '(' Expr . ',' IDENTIFIER ')'  (83)

	AND  shift 122
	OR  shift 123
	LESS_EQUAL  shift 124
	GREATER_EQUAL  shift 125
	EQUAL  shift 126
	NOT_EQUAL  shift 127
	'+'  shift 128
	'-'  shift 129
	'*'  shift 130
	'/'  shift 131
	'%'  shift 132
	'>'  shift 133
	'<'  shift 134
	'.'  shift 135
	','  shift 192
	'['  shift 136
	ARRAY_INIT  shift 137
	ARRAY_JOINT  shift 138
	.  error


state 155
	Expr : '(' CLASS IDENTIFIER . ')' Expr  (84)

	')'  shift 193
	.  error


state 156
	Expr : '(' Expr ')' .  (75)

	.  reduce 75


state 157
	Expr : '[' Expr FOR . IDENTIFIER IN Expr ']'  (60)
	Expr : '[' Expr FOR . IDENTIFIER IN Expr IF Expr ']'  (61)

	IDENTIFIER  shift 194
	.  error


state 158
	ArrayConstant : '[' ConstListReceiver ']' .  (88)

	.  reduce 88


state 159
	ConstList : ConstList ',' . Constant  (91)

	NULL  shift 53
	LITERAL  shift 64
	'['  shift 195
	.  error

	Constant  goto 196
	ArrayConstant  goto 92


state 160
	OcStmt : SCOPY '(' IDENTIFIER . ',' Expr ')'  (101)

	','  shift 197
	.  error


state 161
	BoundVariable : VAR . IDENTIFIER  (42)

	IDENTIFIER  shift 198
	.  error


state 162
	Type : Type . '[' ']'  (11)
	BoundVariable : Type . IDENTIFIER  (43)

	IDENTIFIER  shift 199
	'['  shift 33
	.  error


state 163
	ForeachStmt : FOREACH '(' BoundVariable . IN Expr WHILE Expr ')' Stmt  (40)
	ForeachStmt : FOREACH '(' BoundVariable . IN Expr ')' Stmt  (41)

	IN  shift 200
	.  error


state 164
	Receiver : Expr . '.'  (47)
	LValue : Expr . '[' Expr ']'  (50)
	Expr : Expr . ARRAY_INIT Expr  (56)
	Expr : Expr . ARRAY_JOINT Expr  (57)
	Expr : Expr . '[' Expr ':' Expr ']'  (58)
	Expr : Expr . '[' Expr ']' DEFAULT Expr  (59)
	Expr : Expr . '+' Expr  (62)
	Expr : Expr . '-' Expr  (63)
	Expr : Expr . '*' Expr  (64)
	Expr : Expr . '/' Expr  (65)
	Expr : Expr . '%' Expr  (66)
	Expr : Expr . EQUAL Expr  (67)
	Expr : Expr . NOT_EQUAL Expr  (68)
	Expr : Expr . '<' Expr  (69)
	Expr : Expr . '>' Expr  (70)
	Expr : Expr . LESS_EQUAL Expr  (71)
	Expr : Expr . GREATER_EQUAL Expr  (72)
	Expr : Expr . AND Expr  (73)
	Expr : Expr AND Expr .  (73)
	Expr : Expr . OR Expr  (74)

	LESS_EQUAL  shift 124
	GREATER_EQUAL  shift 125
	EQUAL  shift 126
	NOT_EQUAL  shift 127
	'+'  shift 128
	'-'  shift 129
	'*'  shift 130
	'/'  shift 131
	'%'  shift 132
	'>'  shift 133
	'<'  shift 134
	'.'  shift 135
	'['  shift 136
	ARRAY_INIT  shift 137
	ARRAY_JOINT  shift 138
	WHILE  reduce 73
	FOR  reduce 73
	IF  reduce 73
	AND  reduce 73
	OR  reduce 73
	','  reduce 73
	';'  reduce 73
	')'  reduce 73
	']'  reduce 73
	':'  reduce 73


state 165
	Receiver : Expr . '.'  (47)
	LValue : Expr . '[' Expr ']'  (50)
	Expr : Expr . ARRAY_INIT Expr  (56)
	Expr : Expr . ARRAY_JOINT Expr  (57)
	Expr : Expr . '[' Expr ':' Expr ']'  (58)
	Expr : Expr . '[' Expr ']' DEFAULT Expr  (59)
	Expr : Expr . '+' Expr  (62)
	Expr : Expr . '-' Expr  (63)
	Expr : Expr . '*' Expr  (64)
	Expr : Expr . '/' Expr  (65)
	Expr : Expr . '%' Expr  (66)
	Expr : Expr . EQUAL Expr  (67)
	Expr : Expr . NOT_EQUAL Expr  (68)
	Expr : Expr . '<' Expr  (69)
	Expr : Expr . '>' Expr  (70)
	Expr : Expr . LESS_EQUAL Expr  (71)
	Expr : Expr . GREATER_EQUAL Expr  (72)
	Expr : Expr . AND Expr  (73)
	Expr : Expr . OR Expr  (74)
	Expr : Expr OR Expr .  (74)

	AND  shift 122
	LESS_EQUAL  shift 124
	GREATER_EQUAL  shift 125
	EQUAL  shift 126
	NOT_EQUAL  shift 127
	'+'  shift 128
	'-'  shift 129
	'*'  shift 130
	'/'  shift 131
	'%'  shift 132
	'>'  shift 133
	'<'  shift 134
	'.'  shift 135
	'['  shift 136
	ARRAY_INIT  shift 137
	ARRAY_JOINT  shift 138
	WHILE  reduce 74
	FOR  reduce 74
	IF  reduce 74
	OR  reduce 74
	','  reduce 74
	';'  reduce 74
	')'  reduce 74
	']'  reduce 74
	':'  reduce 74


state 166
	Receiver : Expr . '.'  (47)
	LValue : Expr . '[' Expr ']'  (50)
	Expr : Expr . ARRAY_INIT Expr  (56)
	Expr : Expr . ARRAY_JOINT Expr  (57)
	Expr : Expr . '[' Expr ':' Expr ']'  (58)
	Expr : Expr . '[' Expr ']' DEFAULT Expr  (59)
	Expr : Expr . '+' Expr  (62)
	Expr : Expr . '-' Expr  (63)
	Expr : Expr . '*' Expr  (64)
	Expr : Expr . '/' Expr  (65)
	Expr : Expr . '%' Expr  (66)
	Expr : Expr . EQUAL Expr  (67)
	Expr : Expr . NOT_EQUAL Expr  (68)
	Expr : Expr . '<' Expr  (69)
	Expr : Expr . '>' Expr  (70)
	Expr : Expr . LESS_EQUAL Expr  (71)
	Expr : Expr LESS_EQUAL Expr .  (71)
	Expr : Expr . GREATER_EQUAL Expr  (72)
	Expr : Expr . AND Expr  (73)
	Expr : Expr . OR Expr  (74)

	'+'  shift 128
	'-'  shift 129
	'*'  shift 130
	'/'  shift 131
	'%'  shift 132
	'.'  shift 135
	'['  shift 136
	ARRAY_INIT  shift 137
	ARRAY_JOINT  shift 138
	WHILE  reduce 71
	FOR  reduce 71
	IF  reduce 71
	AND  reduce 71
	OR  reduce 71
	EQUAL  reduce 71
	NOT_EQUAL  reduce 71
	','  reduce 71
	';'  reduce 71
	')'  reduce 71
	']'  reduce 71
	':'  reduce 71


state 167
	Receiver : Expr . '.'  (47)
	LValue : Expr . '[' Expr ']'  (50)
	Expr : Expr . ARRAY_INIT Expr  (56)
	Expr : Expr . ARRAY_JOINT Expr  (57)
	Expr : Expr . '[' Expr ':' Expr ']'  (58)
	Expr : Expr . '[' Expr ']' DEFAULT Expr  (59)
	Expr : Expr . '+' Expr  (62)
	Expr : Expr . '-' Expr  (63)
	Expr : Expr . '*' Expr  (64)
	Expr : Expr . '/' Expr  (65)
	Expr : Expr . '%' Expr  (66)
	Expr : Expr . EQUAL Expr  (67)
	Expr : Expr . NOT_EQUAL Expr  (68)
	Expr : Expr . '<' Expr  (69)
	Expr : Expr . '>' Expr  (70)
	Expr : Expr . LESS_EQUAL Expr  (71)
	Expr : Expr . GREATER_EQUAL Expr  (72)
	Expr : Expr GREATER_EQUAL Expr .  (72)
	Expr : Expr . AND Expr  (73)
	Expr : Expr . OR Expr  (74)

	'+'  shift 128
	'-'  shift 129
	'*'  shift 130
	'/'  shift 131
	'%'  shift 132
	'.'  shift 135
	'['  shift 136
	ARRAY_INIT  shift 137
	ARRAY_JOINT  shift 138
	WHILE  reduce 72
	FOR  reduce 72
	IF  reduce 72
	AND  reduce 72
	OR  reduce 72
	EQUAL  reduce 72
	NOT_EQUAL  reduce 72
	','  reduce 72
	';'  reduce 72
	')'  reduce 72
	']'  reduce 72
	':'  reduce 72


state 168
	Receiver : Expr . '.'  (47)
	LValue : Expr . '[' Expr ']'  (50)
	Expr : Expr . ARRAY_INIT Expr  (56)
	Expr : Expr . ARRAY_JOINT Expr  (57)
	Expr : Expr . '[' Expr ':' Expr ']'  (58)
	Expr : Expr . '[' Expr ']' DEFAULT Expr  (59)
	Expr : Expr . '+' Expr  (62)
	Expr : Expr . '-' Expr  (63)
	Expr : Expr . '*' Expr  (64)
	Expr : Expr . '/' Expr  (65)
	Expr : Expr . '%' Expr  (66)
	Expr : Expr . EQUAL Expr  (67)
	Expr : Expr EQUAL Expr .  (67)
	Expr : Expr . NOT_EQUAL Expr  (68)
	Expr : Expr . '<' Expr  (69)
	Expr : Expr . '>' Expr  (70)
	Expr : Expr . LESS_EQUAL Expr  (71)
	Expr : Expr . GREATER_EQUAL Expr  (72)
	Expr : Expr . AND Expr  (73)
	Expr : Expr . OR Expr  (74)

	LESS_EQUAL  shift 124
	GREATER_EQUAL  shift 125
	'+'  shift 128
	'-'  shift 129
	'*'  shift 130
	'/'  shift 131
	'%'  shift 132
	'>'  shift 133
	'<'  shift 134
	'.'  shift 135
	'['  shift 136
	ARRAY_INIT  shift 137
	ARRAY_JOINT  shift 138
	WHILE  reduce 67
	FOR  reduce 67
	IF  reduce 67
	AND  reduce 67
	OR  reduce 67
	','  reduce 67
	';'  reduce 67
	')'  reduce 67
	']'  reduce 67
	':'  reduce 67


state 169
	Receiver : Expr . '.'  (47)
	LValue : Expr . '[' Expr ']'  (50)
	Expr : Expr . ARRAY_INIT Expr  (56)
	Expr : Expr . ARRAY_JOINT Expr  (57)
	Expr : Expr . '[' Expr ':' Expr ']'  (58)
	Expr : Expr . '[' Expr ']' DEFAULT Expr  (59)
	Expr : Expr . '+' Expr  (62)
	Expr : Expr . '-' Expr  (63)
	Expr : Expr . '*' Expr  (64)
	Expr : Expr . '/' Expr  (65)
	Expr : Expr . '%' Expr  (66)
	Expr : Expr . EQUAL Expr  (67)
	Expr : Expr . NOT_EQUAL Expr  (68)
	Expr : Expr NOT_EQUAL Expr .  (68)
	Expr : Expr . '<' Expr  (69)
	Expr : Expr . '>' Expr  (70)
	Expr : Expr . LESS_EQUAL Expr  (71)
	Expr : Expr . GREATER_EQUAL Expr  (72)
	Expr : Expr . AND Expr  (73)
	Expr : Expr . OR Expr  (74)

	LESS_EQUAL  shift 124
	GREATER_EQUAL  shift 125
	'+'  shift 128
	'-'  shift 129
	'*'  shift 130
	'/'  shift 131
	'%'  shift 132
	'>'  shift 133
	'<'  shift 134
	'.'  shift 135
	'['  shift 136
	ARRAY_INIT  shift 137
	ARRAY_JOINT  shift 138
	WHILE  reduce 68
	FOR  reduce 68
	IF  reduce 68
	AND  reduce 68
	OR  reduce 68
	','  reduce 68
	';'  reduce 68
	')'  reduce 68
	']'  reduce 68
	':'  reduce 68


state 170
	Receiver : Expr . '.'  (47)
	LValue : Expr . '[' Expr ']'  (50)
	Expr : Expr . ARRAY_INIT Expr  (56)
	Expr : Expr . ARRAY_JOINT Expr  (57)
	Expr : Expr . '[' Expr ':' Expr ']'  (58)
	Expr : Expr . '[' Expr ']' DEFAULT Expr  (59)
	Expr : Expr . '+' Expr  (62)
	Expr : Expr '+' Expr .  (62)
	Expr : Expr . '-' Expr  (63)
	Expr : Expr . '*' Expr  (64)
	Expr : Expr . '/' Expr  (65)
	Expr : Expr . '%' Expr  (66)
	Expr : Expr . EQUAL Expr  (67)
	Expr : Expr . NOT_EQUAL Expr  (68)
	Expr : Expr . '<' Expr  (69)
	Expr : Expr . '>' Expr  (70)
	Expr : Expr . LESS_EQUAL Expr  (71)
	Expr : Expr . GREATER_EQUAL Expr  (72)
	Expr : Expr . AND Expr  (73)
	Expr : Expr . OR Expr  (74)

	'*'  shift 130
	'/'  shift 131
	'%'  shift 132
	'.'  shift 135
	'['  shift 136
	WHILE  reduce 62
	FOR  reduce 62
	IF  reduce 62
	AND  reduce 62
	OR  reduce 62
	LESS_EQUAL  reduce 62
	GREATER_EQUAL  reduce 62
	EQUAL  reduce 62
	NOT_EQUAL  reduce 62
	'+'  reduce 62
	'-'  reduce 62
	'>'  reduce 62
	'<'  reduce 62
	','  reduce 62
	';'  reduce 62
	')'  reduce 62
	']'  reduce 62
	':'  reduce 62
	ARRAY_INIT  reduce 62
	ARRAY_JOINT  reduce 62


state 171
	Receiver : Expr . '.'  (47)
	LValue : Expr . '[' Expr ']'  (50)
	Expr : Expr . ARRAY_INIT Expr  (56)
	Expr : Expr . ARRAY_JOINT Expr  (57)
	Expr : Expr . '[' Expr ':' Expr ']'  (58)
	Expr : Expr . '[' Expr ']' DEFAULT Expr  (59)
	Expr : Expr . '+' Expr  (62)
	Expr : Expr . '-' Expr  (63)
	Expr : Expr '-' Expr .  (63)
	Expr : Expr . '*' Expr  (64)
	Expr : Expr . '/' Expr  (65)
	Expr : Expr . '%' Expr  (66)
	Expr : Expr . EQUAL Expr  (67)
	Expr : Expr . NOT_EQUAL Expr  (68)
	Expr : Expr . '<' Expr  (69)
	Expr : Expr . '>' Expr  (70)
	Expr : Expr . LESS_EQUAL Expr  (71)
	Expr : Expr . GREATER_EQUAL Expr  (72)
	Expr : Expr . AND Expr  (73)
	Expr : Expr . OR Expr  (74)

	'*'  shift 130
	'/'  shift 131
	'%'  shift 132
	'.'  shift 135
	'['  shift 136
	WHILE  reduce 63
	FOR  reduce 63
	IF  reduce 63
	AND  reduce 63
	OR  reduce 63
	LESS_EQUAL  reduce 63
	GREATER_EQUAL  reduce 63
	EQUAL  reduce 63
	NOT_EQUAL  reduce 63
	'+'  reduce 63
	'-'  reduce 63
	'>'  reduce 63
	'<'  reduce 63
	','  reduce 63
	';'  reduce 63
	')'  reduce 63
	']'  reduce 63
	':'  reduce 63
	ARRAY_INIT  reduce 63
	ARRAY_JOINT  reduce 63


state 172
	Receiver : Expr . '.'  (47)
	LValue : Expr . '[' Expr ']'  (50)
	Expr : Expr . ARRAY_INIT Expr  (56)
	Expr : Expr . ARRAY_JOINT Expr  (57)
	Expr : Expr . '[' Expr ':' Expr ']'  (58)
	Expr : Expr . '[' Expr ']' DEFAULT Expr  (59)
	Expr : Expr . '+' Expr  (62)
	Expr : Expr . '-' Expr  (63)
	Expr : Expr . '*' Expr  (64)
	Expr : Expr '*' Expr .  (64)
	Expr : Expr . '/' Expr  (65)
	Expr : Expr . '%' Expr  (66)
	Expr : Expr . EQUAL Expr  (67)
	Expr : Expr . NOT_EQUAL Expr  (68)
	Expr : Expr . '<' Expr  (69)
	Expr : Expr . '>' Expr  (70)
	Expr : Expr . LESS_EQUAL Expr  (71)
	Expr : Expr . GREATER_EQUAL Expr  (72)
	Expr : Expr . AND Expr  (73)
	Expr : Expr . OR Expr  (74)

	'.'  shift 135
	'['  shift 136
	WHILE  reduce 64
	FOR  reduce 64
	IF  reduce 64
	AND  reduce 64
	OR  reduce 64
	LESS_EQUAL  reduce 64
	GREATER_EQUAL  reduce 64
	EQUAL  reduce 64
	NOT_EQUAL  reduce 64
	'+'  reduce 64
	'-'  reduce 64
	'*'  reduce 64
	'/'  reduce 64
	'%'  reduce 64
	'>'  reduce 64
	'<'  reduce 64
	','  reduce 64
	';'  reduce 64
	')'  reduce 64
	']'  reduce 64
	':'  reduce 64
	ARRAY_INIT  reduce 64
	ARRAY_JOINT  reduce 64


state 173
	Receiver : Expr . '.'  (47)
	LValue : Expr . '[' Expr ']'  (50)
	Expr : Expr . ARRAY_INIT Expr  (56)
	Expr : Expr . ARRAY_JOINT Expr  (57)
	Expr : Expr . '[' Expr ':' Expr ']'  (58)
	Expr : Expr . '[' Expr ']' DEFAULT Expr  (59)
	Expr : Expr . '+' Expr  (62)
	Expr : Expr . '-' Expr  (63)
	Expr : Expr . '*' Expr  (64)
	Expr : Expr . '/' Expr  (65)
	Expr : Expr '/' Expr .  (65)
	Expr : Expr . '%' Expr  (66)
	Expr : Expr . EQUAL Expr  (67)
	Expr : Expr . NOT_EQUAL Expr  (68)
	Expr : Expr . '<' Expr  (69)
	Expr : Expr . '>' Expr  (70)
	Expr : Expr . LESS_EQUAL Expr  (71)
	Expr : Expr . GREATER_EQUAL Expr  (72)
	Expr : Expr . AND Expr  (73)
	Expr : Expr . OR Expr  (74)

	'.'  shift 135
	'['  shift 136
	WHILE  reduce 65
	FOR  reduce 65
	IF  reduce 65
	AND  reduce 65
	OR  reduce 65
	LESS_EQUAL  reduce 65
	GREATER_EQUAL  reduce 65
	EQUAL  reduce 65
	NOT_EQUAL  reduce 65
	'+'  reduce 65
	'-'  reduce 65
	'*'  reduce 65
	'/'  reduce 65
	'%'  reduce 65
	'>'  reduce 65
	'<'  reduce 65
	','  reduce 65
	';'  reduce 65
	')'  reduce 65
	']'  reduce 65
	':'  reduce 65
	ARRAY_INIT  reduce 65
	ARRAY_JOINT  reduce 65


state 174
	Receiver : Expr . '.'  (47)
	LValue : Expr . '[' Expr ']'  (50)
	Expr : Expr . ARRAY_INIT Expr  (56)
	Expr : Expr . ARRAY_JOINT Expr  (57)
	Expr : Expr . '[' Expr ':' Expr ']'  (58)
	Expr : Expr . '[' Expr ']' DEFAULT Expr  (59)
	Expr : Expr . '+' Expr  (62)
	Expr : Expr . '-' Expr  (63)
	Expr : Expr . '*' Expr  (64)
	Expr : Expr . '/' Expr  (65)
	Expr : Expr . '%' Expr  (66)
	Expr : Expr '%' Expr .  (66)
	Expr : Expr . EQUAL Expr  (67)
	Expr : Expr . NOT_EQUAL Expr  (68)
	Expr : Expr . '<' Expr  (69)
	Expr : Expr . '>' Expr  (70)
	Expr : Expr . LESS_EQUAL Expr  (71)
	Expr : Expr . GREATER_EQUAL Expr  (72)
	Expr : Expr . AND Expr  (73)
	Expr : Expr . OR Expr  (74)

	'.'  shift 135
	'['  shift 136
	WHILE  reduce 66
	FOR  reduce 66
	IF  reduce 66
	AND  reduce 66
	OR  reduce 66
	LESS_EQUAL  reduce 66
	GREATER_EQUAL  reduce 66
	EQUAL  reduce 66
	NOT_EQUAL  reduce 66
	'+'  reduce 66
	'-'  reduce 66
	'*'  reduce 66
	'/'  reduce 66
	'%'  reduce 66
	'>'  reduce 66
	'<'  reduce 66
	','  reduce 66
	';'  reduce 66
	')'  reduce 66
	']'  reduce 66
	':'  reduce 66
	ARRAY_INIT  reduce 66
	ARRAY_JOINT  reduce 66


state 175
	Receiver : Expr . '.'  (47)
	LValue : Expr . '[' Expr ']'  (50)
	Expr : Expr . ARRAY_INIT Expr  (56)
	Expr : Expr . ARRAY_JOINT Expr  (57)
	Expr : Expr . '[' Expr ':' Expr ']'  (58)
	Expr : Expr . '[' Expr ']' DEFAULT Expr  (59)
	Expr : Expr . '+' Expr  (62)
	Expr : Expr . '-' Expr  (63)
	Expr : Expr . '*' Expr  (64)
	Expr : Expr . '/' Expr  (65)
	Expr : Expr . '%' Expr  (66)
	Expr : Expr . EQUAL Expr  (67)
	Expr : Expr . NOT_EQUAL Expr  (68)
	Expr : Expr . '<' Expr  (69)
	Expr : Expr . '>' Expr  (70)
	Expr : Expr '>' Expr .  (70)
	Expr : Expr . LESS_EQUAL Expr  (71)
	Expr : Expr . GREATER_EQUAL Expr  (72)
	Expr : Expr . AND Expr  (73)
	Expr : Expr . OR Expr  (74)

	'+'  shift 128
	'-'  shift 129
	'*'  shift 130
	'/'  shift 131
	'%'  shift 132
	'.'  shift 135
	'['  shift 136
	ARRAY_INIT  shift 137
	ARRAY_JOINT  shift 138
	WHILE  reduce 70
	FOR  reduce 70
	IF  reduce 70
	AND  reduce 70
	OR  reduce 70
	EQUAL  reduce 70
	NOT_EQUAL  reduce 70
	','  reduce 70
	';'  reduce 70
	')'  reduce 70
	']'  reduce 70
	':'  reduce 70


state 176
	Receiver : Expr . '.'  (47)
	LValue : Expr . '[' Expr ']'  (50)
	Expr : Expr . ARRAY_INIT Expr  (56)
	Expr : Expr . ARRAY_JOINT Expr  (57)
	Expr : Expr . '[' Expr ':' Expr ']'  (58)
	Expr : Expr . '[' Expr ']' DEFAULT Expr  (59)
	Expr : Expr . '+' Expr  (62)
	Expr : Expr . '-' Expr  (63)
	Expr : Expr . '*' Expr  (64)
	Expr : Expr . '/' Expr  (65)
	Expr : Expr . '%' Expr  (66)
	Expr : Expr . EQUAL Expr  (67)
	Expr : Expr . NOT_EQUAL Expr  (68)
	Expr : Expr . '<' Expr  (69)
	Expr : Expr '<' Expr .  (69)
	Expr : Expr . '>' Expr  (70)
	Expr : Expr . LESS_EQUAL Expr  (71)
	Expr : Expr . GREATER_EQUAL Expr  (72)
	Expr : Expr . AND Expr  (73)
	Expr : Expr . OR Expr  (74)

	'+'  shift 128
	'-'  shift 129
	'*'  shift 130
	'/'  shift 131
	'%'  shift 132
	'.'  shift 135
	'['  shift 136
	ARRAY_INIT  shift 137
	ARRAY_JOINT  shift 138
	WHILE  reduce 69
	FOR  reduce 69
	IF  reduce 69
	AND  reduce 69
	OR  reduce 69
	EQUAL  reduce 69
	NOT_EQUAL  reduce 69
	','  reduce 69
	';'  reduce 69
	')'  reduce 69
	']'  reduce 69
	':'  reduce 69


state 177
	Receiver : Expr . '.'  (47)
	LValue : Expr . '[' Expr ']'  (50)
	LValue : Expr '[' Expr . ']'  (50)
	Expr : Expr . ARRAY_INIT Expr  (56)
	Expr : Expr . ARRAY_JOINT Expr  (57)
	Expr : Expr . '[' Expr ':' Expr ']'  (58)
	Expr : Expr '[' Expr . ':' Expr ']'  (58)
	Expr : Expr . '[' Expr ']' DEFAULT Expr  (59)
	Expr : Expr '[' Expr . ']' DEFAULT Expr  (59)
	Expr : Expr . '+' Expr  (62)
	Expr : Expr . '-' Expr  (63)
	Expr : Expr . '*' Expr  (64)
	Expr : Expr . '/' Expr  (65)
	Expr : Expr . '%' Expr  (66)
	Expr : Expr . EQUAL Expr  (67)
	Expr : Expr . NOT_EQUAL Expr  (68)
	Expr : Expr . '<' Expr  (69)
	Expr : Expr . '>' Expr  (70)
	Expr : Expr . LESS_EQUAL Expr  (71)
	Expr : Expr . GREATER_EQUAL Expr  (72)
	Expr : Expr . AND Expr  (73)
	Expr : Expr . OR Expr  (74)

	AND  shift 122
	OR  shift 123
	LESS_EQUAL  shift 124
	GREATER_EQUAL  shift 125
	EQUAL  shift 126
	NOT_EQUAL  shift 127
	'+'  shift 128
	'-'  shift 129
	'*'  shift 130
	'/'  shift 131
	'%'  shift 132
	'>'  shift 133
	'<'  shift 134
	'.'  shift 135
	'['  shift 136
	']'  shift 201
	':'  shift 202
	ARRAY_INIT  shift 137
	ARRAY_JOINT  shift 138
	.  error


state 178
	Receiver : Expr . '.'  (47)
	LValue : Expr . '[' Expr ']'  (50)
	Expr : Expr . ARRAY_INIT Expr  (56)
	Expr : Expr ARRAY_INIT Expr .  (56)
	Expr : Expr . ARRAY_JOINT Expr  (57)
	Expr : Expr . '[' Expr ':' Expr ']'  (58)
	Expr : Expr . '[' Expr ']' DEFAULT Expr  (59)
	Expr : Expr . '+' Expr  (62)
	Expr : Expr . '-' Expr  (63)
	Expr : Expr . '*' Expr  (64)
	Expr : Expr . '/' Expr  (65)
	Expr : Expr . '%' Expr  (66)
	Expr : Expr . EQUAL Expr  (67)
	Expr : Expr . NOT_EQUAL Expr  (68)
	Expr : Expr . '<' Expr  (69)
	Expr : Expr . '>' Expr  (70)
	Expr : Expr . LESS_EQUAL Expr  (71)
	Expr : Expr . GREATER_EQUAL Expr  (72)
	Expr : Expr . AND Expr  (73)
	Expr : Expr . OR Expr  (74)

	'+'  shift 128
	'-'  shift 129
	'*'  shift 130
	'/'  shift 131
	'%'  shift 132
	'.'  shift 135
	'['  shift 136
	WHILE  reduce 56
	FOR  reduce 56
	IF  reduce 56
	AND  reduce 56
	OR  reduce 56
	LESS_EQUAL  reduce 56
	GREATER_EQUAL  reduce 56
	EQUAL  reduce 56
	NOT_EQUAL  reduce 56
	'>'  reduce 56
	'<'  reduce 56
	','  reduce 56
	';'  reduce 56
	')'  reduce 56
	']'  reduce 56
	':'  reduce 56
	ARRAY_INIT  reduce 56
	ARRAY_JOINT  reduce 56


state 179
	Receiver : Expr . '.'  (47)
	LValue : Expr . '[' Expr ']'  (50)
	Expr : Expr . ARRAY_INIT Expr  (56)
	Expr : Expr . ARRAY_JOINT Expr  (57)
	Expr : Expr ARRAY_JOINT Expr .  (57)
	Expr : Expr . '[' Expr ':' Expr ']'  (58)
	Expr : Expr . '[' Expr ']' DEFAULT Expr  (59)
	Expr : Expr . '+' Expr  (62)
	Expr : Expr . '-' Expr  (63)
	Expr : Expr . '*' Expr  (64)
	Expr : Expr . '/' Expr  (65)
	Expr : Expr . '%' Expr  (66)
	Expr : Expr . EQUAL Expr  (67)
	Expr : Expr . NOT_EQUAL Expr  (68)
	Expr : Expr . '<' Expr  (69)
	Expr : Expr . '>' Expr  (70)
	Expr : Expr . LESS_EQUAL Expr  (71)
	Expr : Expr . GREATER_EQUAL Expr  (72)
	Expr : Expr . AND Expr  (73)
	Expr : Expr . OR Expr  (74)

	'+'  shift 128
	'-'  shift 129
	'*'  shift 130
	'/'  shift 131
	'%'  shift 132
	'.'  shift 135
	'['  shift 136
	ARRAY_INIT  shift 137
	ARRAY_JOINT  shift 138
	WHILE  reduce 57
	FOR  reduce 57
	IF  reduce 57
	AND  reduce 57
	OR  reduce 57
	LESS_EQUAL  reduce 57
	GREATER_EQUAL  reduce 57
	EQUAL  reduce 57
	NOT_EQUAL  reduce 57
	'>'  reduce 57
	'<'  reduce 57
	','  reduce 57
	';'  reduce 57
	')'  reduce 57
	']'  reduce 57
	':'  reduce 57


state 180
	SimpleStmt : LValue '=' Expr .  (44)
	Receiver : Expr . '.'  (47)
	LValue : Expr . '[' Expr ']'  (50)
	Expr : Expr . ARRAY_INIT Expr  (56)
	Expr : Expr . ARRAY_JOINT Expr  (57)
	Expr : Expr . '[' Expr ':' Expr ']'  (58)
	Expr : Expr . '[' Expr ']' DEFAULT Expr  (59)
	Expr : Expr . '+' Expr  (62)
	Expr : Expr . '-' Expr  (63)
	Expr : Expr . '*' Expr  (64)
	Expr : Expr . '/' Expr  (65)
	Expr : Expr . '%' Expr  (66)
	Expr : Expr . EQUAL Expr  (67)
	Expr : Expr . NOT_EQUAL Expr  (68)
	Expr : Expr . '<' Expr  (69)
	Expr : Expr . '>' Expr  (70)
	Expr : Expr . LESS_EQUAL Expr  (71)
	Expr : Expr . GREATER_EQUAL Expr  (72)
	Expr : Expr . AND Expr  (73)
	Expr : Expr . OR Expr  (74)

	AND  shift 122
	OR  shift 123
	LESS_EQUAL  shift 124
	GREATER_EQUAL  shift 125
	EQUAL  shift 126
	NOT_EQUAL  shift 127
	'+'  shift 128
	'-'  shift 129
	'*'  shift 130
	'/'  shift 131
	'%'  shift 132
	'>'  shift 133
	'<'  shift 134
	'.'  shift 135
	'['  shift 136
	ARRAY_INIT  shift 137
	ARRAY_JOINT  shift 138
	';'  reduce 44
	')'  reduce 44


state 181
	Call : Receiver IDENTIFIER '(' . Actuals ')'  (52)
	Receiver : .  (48)
	Actuals : .  (94)

	NULL  shift 53
	THIS  shift 54
	NEW  shift 60
	READ_INTEGER  shift 62
	READ_LINE  shift 63
	LITERAL  shift 64
	INSTANCEOF  shift 65
	'-'  shift 66
	'!'  shift 67
	'('  shift 68
	'['  shift 69
	VAR  shift 72
	IDENTIFIER  reduce 48
	')'  reduce 94

	Expr  goto 150
	LValue  goto 98
	Call  goto 99
	Receiver  goto 90
	Actuals  goto 203
	Constant  goto 91
	ArrayConstant  goto 92
	ExprList  goto 204


state 182
	WhileStmt : WHILE '(' Expr ')' . Stmt  (97)
	SimpleStmt : .  (46)
	Receiver : .  (48)

	VOID  shift 17
	BOOL  shift 18
	INT  shift 19
	STRING  shift 20
	CLASS  shift 21
	NULL  shift 53
	THIS  shift 54
	WHILE  shift 55
	FOR  shift 56
	IF  shift 57
	RETURN  shift 58
	BREAK  shift 59
	NEW  shift 60
	PRINT  shift 61
	READ_INTEGER  shift 62
	READ_LINE  shift 63
	LITERAL  shift 64
	INSTANCEOF  shift 65
	'-'  shift 66
	'!'  shift 67
	'('  shift 68
	'['  shift 69
	'{'  shift 48
	SCOPY  shift 71
	VAR  shift 72
	FOREACH  shift 73
	IDENTIFIER  reduce 48
	';'  reduce 46

	VariableDef  goto 74
	Variable  goto 25
	Type  goto 40
	StmtBlock  goto 75
	Stmt  goto 205
	SimpleStmt  goto 77
	GuardedStmt  goto 78
	ForeachStmt  goto 79
	IfStmt  goto 80
	WhileStmt  goto 81
	ForStmt  goto 82
	ReturnStmt  goto 83
	PrintStmt  goto 84
	BreakStmt  goto 85
	OcStmt  goto 86
	Expr  goto 87
	LValue  goto 88
	Call  goto 89
	Receiver  goto 90
	Constant  goto 91
	ArrayConstant  goto 92


state 183
	ForStmt : FOR '(' SimpleStmt ';' . Expr ';' SimpleStmt ')' Stmt  (98)
	Receiver : .  (48)

	NULL  shift 53
	THIS  shift 54
	NEW  shift 60
	READ_INTEGER  shift 62
	READ_LINE  shift 63
	LITERAL  shift 64
	INSTANCEOF  shift 65
	'-'  shift 66
	'!'  shift 67
	'('  shift 68
	'['  shift 69
	VAR  shift 72
	IDENTIFIER  reduce 48

	Expr  goto 206
	LValue  goto 98
	Call  goto 99
	Receiver  goto 90
	Constant  goto 91
	ArrayConstant  goto 92


state 184
	IfStmt : IF '(' Expr ')' . Stmt ElseClause  (100)
	SimpleStmt : .  (46)
	Receiver : .  (48)

	VOID  shift 17
	BOOL  shift 18
	INT  shift 19
	STRING  shift 20
	CLASS  shift 21
	NULL  shift 53
	THIS  shift 54
	WHILE  shift 55
	FOR  shift 56
	IF  shift 57
	RETURN  shift 58
	BREAK  shift 59
	NEW  shift 60
	PRINT  shift 61
	READ_INTEGER  shift 62
	READ_LINE  shift 63
	LITERAL  shift 64
	INSTANCEOF  shift 65
	'-'  shift 66
	'!'  shift 67
	'('  shift 68
	'['  shift 69
	'{'  shift 48
	SCOPY  shift 71
	VAR  shift 72
	FOREACH  shift 73
	IDENTIFIER  reduce 48
	';'  reduce 46

	VariableDef  goto 74
	Variable  goto 25
	Type  goto 40
	StmtBlock  goto 75
	Stmt  goto 207
	SimpleStmt  goto 77
	GuardedStmt  goto 78
	ForeachStmt  goto 79
	IfStmt  goto 80
	WhileStmt  goto 81
	ForStmt  goto 82
	ReturnStmt  goto 83
	PrintStmt  goto 84
	BreakStmt  goto 85
	OcStmt  goto 86
	Expr  goto 87
	LValue  goto 88
	Call  goto 89
	Receiver  goto 90
	Constant  goto 91
	ArrayConstant  goto 92


state 185
	IfSubStmt : Expr ':' . Stmt  (107)
	SimpleStmt : .  (46)
	Receiver : .  (48)

	VOID  shift 17
	BOOL  shift 18
	INT  shift 19
	STRING  shift 20
	CLASS  shift 21
	NULL  shift 53
	THIS  shift 54
	WHILE  shift 55
	FOR  shift 56
	IF  shift 57
	RETURN  shift 58
	BREAK  shift 59
	NEW  shift 60
	PRINT  shift 61
	READ_INTEGER  shift 62
	READ_LINE  shift 63
	LITERAL  shift 64
	INSTANCEOF  shift 65
	'-'  shift 66
	'!'  shift 67
	'('  shift 68
	'['  shift 69
	'{'  shift 48
	SCOPY  shift 71
	VAR  shift 72
	FOREACH  shift 73
	IDENTIFIER  reduce 48
	';'  reduce 46

	VariableDef  goto 74
	Variable  goto 25
	Type  goto 40
	StmtBlock  goto 75
	Stmt  goto 208
	SimpleStmt  goto 77
	GuardedStmt  goto 78
	ForeachStmt  goto 79
	IfStmt  goto 80
	WhileStmt  goto 81
	ForStmt  goto 82
	ReturnStmt  goto 83
	PrintStmt  goto 84
	BreakStmt  goto 85
	OcStmt  goto 86
	Expr  goto 87
	LValue  goto 88
	Call  goto 89
	Receiver  goto 90
	Constant  goto 91
	ArrayConstant  goto 92


state 186
	GuardedStmt : IF '{' IfSubStmtListReceiver '}' .  (102)

	.  reduce 102


state 187
	IfSubStmtList : IfSubStmtList GUARDED_OP . IfSubStmt  (105)
	Receiver : .  (48)

	NULL  shift 53
	THIS  shift 54
	NEW  shift 60
	READ_INTEGER  shift 62
	READ_LINE  shift 63
	LITERAL  shift 64
	INSTANCEOF  shift 65
	'-'  shift 66
	'!'  shift 67
	'('  shift 68
	'['  shift 69
	VAR  shift 72
	IDENTIFIER  reduce 48

	Expr  goto 144
	LValue  goto 98
	Call  goto 99
	Receiver  goto 90
	Constant  goto 91
	ArrayConstant  goto 92
	IfSubStmt  goto 209


state 188
	Expr : NEW IDENTIFIER '(' ')' .  (81)

	.  reduce 81


state 189
	Receiver : Expr . '.'  (47)
	LValue : Expr . '[' Expr ']'  (50)
	Expr : Expr . ARRAY_INIT Expr  (56)
	Expr : Expr . ARRAY_JOINT Expr  (57)
	Expr : Expr . '[' Expr ':' Expr ']'  (58)
	Expr : Expr . '[' Expr ']' DEFAULT Expr  (59)
	Expr : Expr . '+' Expr  (62)
	Expr : Expr . '-' Expr  (63)
	Expr : Expr . '*' Expr  (64)
	Expr : Expr . '/' Expr  (65)
	Expr : Expr . '%' Expr  (66)
	Expr : Expr . EQUAL Expr  (67)
	Expr : Expr . NOT_EQUAL Expr  (68)
	Expr : Expr . '<' Expr  (69)
	Expr : Expr . '>' Expr  (70)
	Expr : Expr . LESS_EQUAL Expr  (71)
	Expr : Expr . GREATER_EQUAL Expr  (72)
	Expr : Expr . AND Expr  (73)
	Expr : Expr . OR Expr  (74)
	Expr : NEW Type '[' Expr . ']'  (82)

	AND  shift 122
	OR  shift 123
	LESS_EQUAL  shift 124
	GREATER_EQUAL  shift 125
	EQUAL  shift 126
	NOT_EQUAL  shift 127
	'+'  shift 128
	'-'  shift 129
	'*'  shift 130
	'/'  shift 131
	'%'  shift 132
	'>'  shift 133
	'<'  shift 134
	'.'  shift 135
	'['  shift 136
	']'  shift 210
	ARRAY_INIT  shift 137
	ARRAY_JOINT  shift 138
	.  error


state 190
	ExprList : ExprList ',' . Expr  (95)
	Receiver : .  (48)

	NULL  shift 53
	THIS  shift 54
	NEW  shift 60
	READ_INTEGER  shift 62
	READ_LINE  shift 63
	LITERAL  shift 64
	INSTANCEOF  shift 65
	'-'  shift 66
	'!'  shift 67
	'('  shift 68
	'['  shift 69
	VAR  shift 72
	IDENTIFIER  reduce 48

	Expr  goto 211
	LValue  goto 98
	Call  goto 99
	Receiver  goto 90
	Constant  goto 91
	ArrayConstant  goto 92


state 191
	PrintStmt : PRINT '(' ExprList ')' .  (112)

	.  reduce 112


state 192
	Expr : INSTANCEOF '(' Expr ',' . IDENTIFIER ')'  (83)

	IDENTIFIER  shift 212
	.  error


state 193
	Expr : '(' CLASS IDENTIFIER ')' . Expr  (84)
	Receiver : .  (48)

	NULL  shift 53
	THIS  shift 54
	NEW  shift 60
	READ_INTEGER  shift 62
	READ_LINE  shift 63
	LITERAL  shift 64
	INSTANCEOF  shift 65
	'-'  shift 66
	'!'  shift 67
	'('  shift 68
	'['  shift 69
	VAR  shift 72
	IDENTIFIER  reduce 48

	Expr  goto 213
	LValue  goto 98
	Call  goto 99
	Receiver  goto 90
	Constant  goto 91
	ArrayConstant  goto 92


state 194
	Expr : '[' Expr FOR IDENTIFIER . IN Expr ']'  (60)
	Expr : '[' Expr FOR IDENTIFIER . IN Expr IF Expr ']'  (61)

	IN  shift 214
	.  error


state 195
	ArrayConstant : '[' . ConstListReceiver ']'  (88)
	ConstListReceiver : .  (90)

	NULL  shift 53
	LITERAL  shift 64
	'['  shift 195
	']'  reduce 90

	Constant  goto 215
	ArrayConstant  goto 92
	ConstListReceiver  goto 112
	ConstList  goto 113


state 196
	ConstList : ConstList ',' Constant .  (91)

	.  reduce 91


state 197
	OcStmt : SCOPY '(' IDENTIFIER ',' . Expr ')'  (101)
	Receiver : .  (48)

	NULL  shift 53
	THIS  shift 54
	NEW  shift 60
	READ_INTEGER  shift 62
	READ_LINE  shift 63
	LITERAL  shift 64
	INSTANCEOF  shift 65
	'-'  shift 66
	'!'  shift 67
	'('  shift 68
	'['  shift 69
	VAR  shift 72
	IDENTIFIER  reduce 48

	Expr  goto 216
	LValue  goto 98
	Call  goto 99
	Receiver  goto 90
	Constant  goto 91
	ArrayConstant  goto 92


state 198
	BoundVariable : VAR IDENTIFIER .  (42)

	.  reduce 42


state 199
	BoundVariable : Type IDENTIFIER .  (43)

	.  reduce 43


state 200
	ForeachStmt : FOREACH '(' BoundVariable IN . Expr WHILE Expr ')' Stmt  (40)
	ForeachStmt : FOREACH '(' BoundVariable IN . Expr ')' Stmt  (41)
	Receiver : .  (48)

	NULL  shift 53
	THIS  shift 54
	NEW  shift 60
	READ_INTEGER  shift 62
	READ_LINE  shift 63
	LITERAL  shift 64
	INSTANCEOF  shift 65
	'-'  shift 66
	'!'  shift 67
	'('  shift 68
	'['  shift 69
	VAR  shift 72
	IDENTIFIER  reduce 48

	Expr  goto 217
	LValue  goto 98
	Call  goto 99
	Receiver  goto 90
	Constant  goto 91
	ArrayConstant  goto 92


state 201
	LValue : Expr '[' Expr ']' .  (50)
	Expr : Expr '[' Expr ']' . DEFAULT Expr  (59)

	DEFAULT  shift 218
	WHILE  reduce 50
	FOR  reduce 50
	IF  reduce 50
	AND  reduce 50
	OR  reduce 50
	LESS_EQUAL  reduce 50
	GREATER_EQUAL  reduce 50
	EQUAL  reduce 50
	NOT_EQUAL  reduce 50
	'+'  reduce 50
	'-'  reduce 50
	'*'  reduce 50
	'/'  reduce 50
	'%'  reduce 50
	'='  reduce 50
	'>'  reduce 50
	'<'  reduce 50
	'.'  reduce 50
	','  reduce 50
	';'  reduce 50
	')'  reduce 50
	'['  reduce 50
	']'  reduce 50
	':'  reduce 50
	ARRAY_INIT  reduce 50
	ARRAY_JOINT  reduce 50


state 202
	Expr : Expr '[' Expr ':' . Expr ']'  (58)
	Receiver : .  (48)

	NULL  shift 53
	THIS  shift 54
	NEW  shift 60
	READ_INTEGER  shift 62
	READ_LINE  shift 63
	LITERAL  shift 64
	INSTANCEOF  shift 65
	'-'  shift 66
	'!'  shift 67
	'('  shift 68
	'['  shift 69
	VAR  shift 72
	IDENTIFIER  reduce 48

	Expr  goto 219
	LValue  goto 98
	Call  goto 99
	Receiver  goto 90
	Constant  goto 91
	ArrayConstant  goto 92


state 203
	Call : Receiver IDENTIFIER '(' Actuals . ')'  (52)

	')'  shift 220
	.  error


state 204
	Actuals : ExprList .  (93)
	ExprList : ExprList . ',' Expr  (95)

	','  shift 190
	')'  reduce 93


state 205
	WhileStmt : WHILE '(' Expr ')' Stmt .  (97)

	.  reduce 97


state 206
	Receiver : Expr . '.'  (47)
	LValue : Expr . '[' Expr ']'  (50)
	Expr : Expr . ARRAY_INIT Expr  (56)
	Expr : Expr . ARRAY_JOINT Expr  (57)
	Expr : Expr . '[' Expr ':' Expr ']'  (58)
	Expr : Expr . '[' Expr ']' DEFAULT Expr  (59)
	Expr : Expr . '+' Expr  (62)
	Expr : Expr . '-' Expr  (63)
	Expr : Expr . '*' Expr  (64)
	Expr : Expr . '/' Expr  (65)
	Expr : Expr . '%' Expr  (66)
	Expr : Expr . EQUAL Expr  (67)
	Expr : Expr . NOT_EQUAL Expr  (68)
	Expr : Expr . '<' Expr  (69)
	Expr : Expr . '>' Expr  (70)
	Expr : Expr . LESS_EQUAL Expr  (71)
	Expr : Expr . GREATER_EQUAL Expr  (72)
	Expr : Expr . AND Expr  (73)
	Expr : Expr . OR Expr  (74)
	ForStmt : FOR '(' SimpleStmt ';' Expr . ';' SimpleStmt ')' Stmt  (98)

	AND  shift 122
	OR  shift 123
	LESS_EQUAL  shift 124
	GREATER_EQUAL  shift 125
	EQUAL  shift 126
	NOT_EQUAL  shift 127
	'+'  shift 128
	'-'  shift 129
	'*'  shift 130
	'/'  shift 131
	'%'  shift 132
	'>'  shift 133
	'<'  shift 134
	'.'  shift 135
	';'  shift 221
	'['  shift 136
	ARRAY_INIT  shift 137
	ARRAY_JOINT  shift 138
	.  error


state 207
	IfStmt : IF '(' Expr ')' Stmt . ElseClause  (100)
	ElseClause : .  (109)

	ELSE  shift 222
	VOID  reduce 109
	BOOL  reduce 109
	INT  reduce 109
	STRING  reduce 109
	CLASS  reduce 109
	NULL  reduce 109
	THIS  reduce 109
	WHILE  reduce 109
	FOR  reduce 109
	IF  reduce 109
	RETURN  reduce 109
	BREAK  reduce 109
	NEW  reduce 109
	PRINT  reduce 109
	READ_INTEGER  reduce 109
	READ_LINE  reduce 109
	LITERAL  reduce 109
	IDENTIFIER  reduce 109
	INSTANCEOF  reduce 109
	'-'  reduce 109
	';'  reduce 109
	'!'  reduce 109
	'('  reduce 109
	'['  reduce 109
	'{'  reduce 109
	'}'  reduce 109
	SCOPY  reduce 109
	GUARDED_OP  reduce 109
	VAR  reduce 109
	FOREACH  reduce 109

	ElseClause  goto 223


state 208
	IfSubStmt : Expr ':' Stmt .  (107)

	.  reduce 107


state 209
	IfSubStmtList : IfSubStmtList GUARDED_OP IfSubStmt .  (105)

	.  reduce 105


state 210
	Expr : NEW Type '[' Expr ']' .  (82)

	.  reduce 82


state 211
	Receiver : Expr . '.'  (47)
	LValue : Expr . '[' Expr ']'  (50)
	Expr : Expr . ARRAY_INIT Expr  (56)
	Expr : Expr . ARRAY_JOINT Expr  (57)
	Expr : Expr . '[' Expr ':' Expr ']'  (58)
	Expr : Expr . '[' Expr ']' DEFAULT Expr  (59)
	Expr : Expr . '+' Expr  (62)
	Expr : Expr . '-' Expr  (63)
	Expr : Expr . '*' Expr  (64)
	Expr : Expr . '/' Expr  (65)
	Expr : Expr . '%' Expr  (66)
	Expr : Expr . EQUAL Expr  (67)
	Expr : Expr . NOT_EQUAL Expr  (68)
	Expr : Expr . '<' Expr  (69)
	Expr : Expr . '>' Expr  (70)
	Expr : Expr . LESS_EQUAL Expr  (71)
	Expr : Expr . GREATER_EQUAL Expr  (72)
	Expr : Expr . AND Expr  (73)
	Expr : Expr . OR Expr  (74)
	ExprList : ExprList ',' Expr .  (95)

	AND  shift 122
	OR  shift 123
	LESS_EQUAL  shift 124
	GREATER_EQUAL  shift 125
	EQUAL  shift 126
	NOT_EQUAL  shift 127
	'+'  shift 128
	'-'  shift 129
	'*'  shift 130
	'/'  shift 131
	'%'  shift 132
	'>'  shift 133
	'<'  shift 134
	'.'  shift 135
	'['  shift 136
	ARRAY_INIT  shift 137
	ARRAY_JOINT  shift 138
	','  reduce 95
	')'  reduce 95


state 212
	Expr : INSTANCEOF '(' Expr ',' IDENTIFIER . ')'  (83)

	')'  shift 224
	.  error


state 213
	Receiver : Expr . '.'  (47)
	LValue : Expr . '[' Expr ']'  (50)
	Expr : Expr . ARRAY_INIT Expr  (56)
	Expr : Expr . ARRAY_JOINT Expr  (57)
	Expr : Expr . '[' Expr ':' Expr ']'  (58)
	Expr : Expr . '[' Expr ']' DEFAULT Expr  (59)
	Expr : Expr . '+' Expr  (62)
	Expr : Expr . '-' Expr  (63)
	Expr : Expr . '*' Expr  (64)
	Expr : Expr . '/' Expr  (65)
	Expr : Expr . '%' Expr  (66)
	Expr : Expr . EQUAL Expr  (67)
	Expr : Expr . NOT_EQUAL Expr  (68)
	Expr : Expr . '<' Expr  (69)
	Expr : Expr . '>' Expr  (70)
	Expr : Expr . LESS_EQUAL Expr  (71)
	Expr : Expr . GREATER_EQUAL Expr  (72)
	Expr : Expr . AND Expr  (73)
	Expr : Expr . OR Expr  (74)
	Expr : '(' CLASS IDENTIFIER ')' Expr .  (84)

	.  reduce 84


state 214
	Expr : '[' Expr FOR IDENTIFIER IN . Expr ']'  (60)
	Expr : '[' Expr FOR IDENTIFIER IN . Expr IF Expr ']'  (61)
	Receiver : .  (48)

	NULL  shift 53
	THIS  shift 54
	NEW  shift 60
	READ_INTEGER  shift 62
	READ_LINE  shift 63
	LITERAL  shift 64
	INSTANCEOF  shift 65
	'-'  shift 66
	'!'  shift 67
	'('  shift 68
	'['  shift 69
	VAR  shift 72
	IDENTIFIER  reduce 48

	Expr  goto 225
	LValue  goto 98
	Call  goto 99
	Receiver  goto 90
	Constant  goto 91
	ArrayConstant  goto 92


state 215
	ConstList : Constant .  (92)

	.  reduce 92


state 216
	Receiver : Expr . '.'  (47)
	LValue : Expr . '[' Expr ']'  (50)
	Expr : Expr . ARRAY_INIT Expr  (56)
	Expr : Expr . ARRAY_JOINT Expr  (57)
	Expr : Expr . '[' Expr ':' Expr ']'  (58)
	Expr : Expr . '[' Expr ']' DEFAULT Expr  (59)
	Expr : Expr . '+' Expr  (62)
	Expr : Expr . '-' Expr  (63)
	Expr : Expr . '*' Expr  (64)
	Expr : Expr . '/' Expr  (65)
	Expr : Expr . '%' Expr  (66)
	Expr : Expr . EQUAL Expr  (67)
	Expr : Expr . NOT_EQUAL Expr  (68)
	Expr : Expr . '<' Expr  (69)
	Expr : Expr . '>' Expr  (70)
	Expr : Expr . LESS_EQUAL Expr  (71)
	Expr : Expr . GREATER_EQUAL Expr  (72)
	Expr : Expr . AND Expr  (73)
	Expr : Expr . OR Expr  (74)
	OcStmt : SCOPY '(' IDENTIFIER ',' Expr . ')'  (101)

	AND  shift 122
	OR  shift 123
	LESS_EQUAL  shift 124
	GREATER_EQUAL  shift 125
	EQUAL  shift 126
	NOT_EQUAL  shift 127
	'+'  shift 128
	'-'  shift 129
	'*'  shift 130
	'/'  shift 131
	'%'  shift 132
	'>'  shift 133
	'<'  shift 134
	'.'  shift 135
	')'  shift 226
	'['  shift 136
	ARRAY_INIT  shift 137
	ARRAY_JOINT  shift 138
	.  error


state 217
	ForeachStmt : FOREACH '(' BoundVariable IN Expr . WHILE Expr ')' Stmt  (40)
	ForeachStmt : FOREACH '(' BoundVariable IN Expr . ')' Stmt  (41)
	Receiver : Expr . '.'  (47)
	LValue : Expr . '[' Expr ']'  (50)
	Expr : Expr . ARRAY_INIT Expr  (56)
	Expr : Expr . ARRAY_JOINT Expr  (57)
	Expr : Expr . '[' Expr ':' Expr ']'  (58)
	Expr : Expr . '[' Expr ']' DEFAULT Expr  (59)
	Expr : Expr . '+' Expr  (62)
	Expr : Expr . '-' Expr  (63)
	Expr : Expr . '*' Expr  (64)
	Expr : Expr . '/' Expr  (65)
	Expr : Expr . '%' Expr  (66)
	Expr : Expr . EQUAL Expr  (67)
	Expr : Expr . NOT_EQUAL Expr  (68)
	Expr : Expr . '<' Expr  (69)
	Expr : Expr . '>' Expr  (70)
	Expr : Expr . LESS_EQUAL Expr  (71)
	Expr : Expr . GREATER_EQUAL Expr  (72)
	Expr : Expr . AND Expr  (73)
	Expr : Expr . OR Expr  (74)

	WHILE  shift 227
	AND  shift 122
	OR  shift 123
	LESS_EQUAL  shift 124
	GREATER_EQUAL  shift 125
	EQUAL  shift 126
	NOT_EQUAL  shift 127
	'+'  shift 128
	'-'  shift 129
	'*'  shift 130
	'/'  shift 131
	'%'  shift 132
	'>'  shift 133
	'<'  shift 134
	'.'  shift 135
	')'  shift 228
	'['  shift 136
	ARRAY_INIT  shift 137
	ARRAY_JOINT  shift 138
	.  error


state 218
	Expr : Expr '[' Expr ']' DEFAULT . Expr  (59)
	Receiver : .  (48)

	NULL  shift 53
	THIS  shift 54
	NEW  shift 60
	READ_INTEGER  shift 62
	READ_LINE  shift 63
	LITERAL  shift 64
	INSTANCEOF  shift 65
	'-'  shift 66
	'!'  shift 67
	'('  shift 68
	'['  shift 69
	VAR  shift 72
	IDENTIFIER  reduce 48

	Expr  goto 229
	LValue  goto 98
	Call  goto 99
	Receiver  goto 90
	Constant  goto 91
	ArrayConstant  goto 92


state 219
	Receiver : Expr . '.'  (47)
	LValue : Expr . '[' Expr ']'  (50)
	Expr : Expr . ARRAY_INIT Expr  (56)
	Expr : Expr . ARRAY_JOINT Expr  (57)
	Expr : Expr . '[' Expr ':' Expr ']'  (58)
	Expr : Expr '[' Expr ':' Expr . ']'  (58)
	Expr : Expr . '[' Expr ']' DEFAULT Expr  (59)
	Expr : Expr . '+' Expr  (62)
	Expr : Expr . '-' Expr  (63)
	Expr : Expr . '*' Expr  (64)
	Expr : Expr . '/' Expr  (65)
	Expr : Expr . '%' Expr  (66)
	Expr : Expr . EQUAL Expr  (67)
	Expr : Expr . NOT_EQUAL Expr  (68)
	Expr : Expr . '<' Expr  (69)
	Expr : Expr . '>' Expr  (70)
	Expr : Expr . LESS_EQUAL Expr  (71)
	Expr : Expr . GREATER_EQUAL Expr  (72)
	Expr : Expr . AND Expr  (73)
	Expr : Expr . OR Expr  (74)

	AND  shift 122
	OR  shift 123
	LESS_EQUAL  shift 124
	GREATER_EQUAL  shift 125
	EQUAL  shift 126
	NOT_EQUAL  shift 127
	'+'  shift 128
	'-'  shift 129
	'*'  shift 130
	'/'  shift 131
	'%'  shift 132
	'>'  shift 133
	'<'  shift 134
	'.'  shift 135
	'['  shift 136
	']'  shift 230
	ARRAY_INIT  shift 137
	ARRAY_JOINT  shift 138
	.  error


state 220
	Call : Receiver IDENTIFIER '(' Actuals ')' .  (52)

	.  reduce 52


state 221
	ForStmt : FOR '(' SimpleStmt ';' Expr ';' . SimpleStmt ')' Stmt  (98)
	SimpleStmt : .  (46)
	Receiver : .  (48)

	NULL  shift 53
	THIS  shift 54
	NEW  shift 60
	READ_INTEGER  shift 62
	READ_LINE  shift 63
	LITERAL  shift 64
	INSTANCEOF  shift 65
	'-'  shift 66
	'!'  shift 67
	'('  shift 68
	'['  shift 69
	VAR  shift 72
	IDENTIFIER  reduce 48
	')'  reduce 46

	SimpleStmt  goto 231
	Expr  goto 87
	LValue  goto 88
	Call  goto 89
	Receiver  goto 90
	Constant  goto 91
	ArrayConstant  goto 92


state 222
	ElseClause : ELSE . Stmt  (108)
	SimpleStmt : .  (46)
	Receiver : .  (48)

	VOID  shift 17
	BOOL  shift 18
	INT  shift 19
	STRING  shift 20
	CLASS  shift 21
	NULL  shift 53
	THIS  shift 54
	WHILE  shift 55
	FOR  shift 56
	IF  shift 57
	RETURN  shift 58
	BREAK  shift 59
	NEW  shift 60
	PRINT  shift 61
	READ_INTEGER  shift 62
	READ_LINE  shift 63
	LITERAL  shift 64
	INSTANCEOF  shift 65
	'-'  shift 66
	'!'  shift 67
	'('  shift 68
	'['  shift 69
	'{'  shift 48
	SCOPY  shift 71
	VAR  shift 72
	FOREACH  shift 73
	IDENTIFIER  reduce 48
	';'  reduce 46

	VariableDef  goto 74
	Variable  goto 25
	Type  goto 40
	StmtBlock  goto 75
	Stmt  goto 232
	SimpleStmt  goto 77
	GuardedStmt  goto 78
	ForeachStmt  goto 79
	IfStmt  goto 80
	WhileStmt  goto 81
	ForStmt  goto 82
	ReturnStmt  goto 83
	PrintStmt  goto 84
	BreakStmt  goto 85
	OcStmt  goto 86
	Expr  goto 87
	LValue  goto 88
	Call  goto 89
	Receiver  goto 90
	Constant  goto 91
	ArrayConstant  goto 92


state 223
	IfStmt : IF '(' Expr ')' Stmt ElseClause .  (100)

	.  reduce 100


state 224
	Expr : INSTANCEOF '(' Expr ',' IDENTIFIER ')' .  (83)

	.  reduce 83


state 225
	Receiver : Expr . '.'  (47)
	LValue : Expr . '[' Expr ']'  (50)
	Expr : Expr . ARRAY_INIT Expr  (56)
	Expr : Expr . ARRAY_JOINT Expr  (57)
	Expr : Expr . '[' Expr ':' Expr ']'  (58)
	Expr : Expr . '[' Expr ']' DEFAULT Expr  (59)
	Expr : '[' Expr FOR IDENTIFIER IN Expr . ']'  (60)
	Expr : '[' Expr FOR IDENTIFIER IN Expr . IF Expr ']'  (61)
	Expr : Expr . '+' Expr  (62)
	Expr : Expr . '-' Expr  (63)
	Expr : Expr . '*' Expr  (64)
	Expr : Expr . '/' Expr  (65)
	Expr : Expr . '%' Expr  (66)
	Expr : Expr . EQUAL Expr  (67)
	Expr : Expr . NOT_EQUAL Expr  (68)
	Expr : Expr . '<' Expr  (69)
	Expr : Expr . '>' Expr  (70)
	Expr : Expr . LESS_EQUAL Expr  (71)
	Expr : Expr . GREATER_EQUAL Expr  (72)
	Expr : Expr . AND Expr  (73)
	Expr : Expr . OR Expr  (74)

	IF  shift 233
	AND  shift 122
	OR  shift 123
	LESS_EQUAL  shift 124
	GREATER_EQUAL  shift 125
	EQUAL  shift 126
	NOT_EQUAL  shift 127
	'+'  shift 128
	'-'  shift 129
	'*'  shift 130
	'/'  shift 131
	'%'  shift 132
	'>'  shift 133
	'<'  shift 134
	'.'  shift 135
	'['  shift 136
	']'  shift 234
	ARRAY_INIT  shift 137
	ARRAY_JOINT  shift 138
	.  error


state 226
	OcStmt : SCOPY '(' IDENTIFIER ',' Expr ')' .  (101)

	.  reduce 101


state 227
	ForeachStmt : FOREACH '(' BoundVariable IN Expr WHILE . Expr ')' Stmt  (40)
	Receiver : .  (48)

	NULL  shift 53
	THIS  shift 54
	NEW  shift 60
	READ_INTEGER  shift 62
	READ_LINE  shift 63
	LITERAL  shift 64
	INSTANCEOF  shift 65
	'-'  shift 66
	'!'  shift 67
	'('  shift 68
	'['  shift 69
	VAR  shift 72
	IDENTIFIER  reduce 48

	Expr  goto 235
	LValue  goto 98
	Call  goto 99
	Receiver  goto 90
	Constant  goto 91
	ArrayConstant  goto 92


state 228
	ForeachStmt : FOREACH '(' BoundVariable IN Expr ')' . Stmt  (41)
	SimpleStmt : .  (46)
	Receiver : .  (48)

	VOID  shift 17
	BOOL  shift 18
	INT  shift 19
	STRING  shift 20
	CLASS  shift 21
	NULL  shift 53
	THIS  shift 54
	WHILE  shift 55
	FOR  shift 56
	IF  shift 57
	RETURN  shift 58
	BREAK  shift 59
	NEW  shift 60
	PRINT  shift 61
	READ_INTEGER  shift 62
	READ_LINE  shift 63
	LITERAL  shift 64
	INSTANCEOF  shift 65
	'-'  shift 66
	'!'  shift 67
	'('  shift 68
	'['  shift 69
	'{'  shift 48
	SCOPY  shift 71
	VAR  shift 72
	FOREACH  shift 73
	IDENTIFIER  reduce 48
	';'  reduce 46

	VariableDef  goto 74
	Variable  goto 25
	Type  goto 40
	StmtBlock  goto 75
	Stmt  goto 236
	SimpleStmt  goto 77
	GuardedStmt  goto 78
	ForeachStmt  goto 79
	IfStmt  goto 80
	WhileStmt  goto 81
	ForStmt  goto 82
	ReturnStmt  goto 83
	PrintStmt  goto 84
	BreakStmt  goto 85
	OcStmt  goto 86
	Expr  goto 87
	LValue  goto 88
	Call  goto 89
	Receiver  goto 90
	Constant  goto 91
	ArrayConstant  goto 92


state 229
	Receiver : Expr . '.'  (47)
	LValue : Expr . '[' Expr ']'  (50)
	Expr : Expr . ARRAY_INIT Expr  (56)
	Expr : Expr . ARRAY_JOINT Expr  (57)
	Expr : Expr . '[' Expr ':' Expr ']'  (58)
	Expr : Expr . '[' Expr ']' DEFAULT Expr  (59)
	Expr : Expr '[' Expr ']' DEFAULT Expr .  (59)
	Expr : Expr . '+' Expr  (62)
	Expr : Expr . '-' Expr  (63)
	Expr : Expr . '*' Expr  (64)
	Expr : Expr . '/' Expr  (65)
	Expr : Expr . '%' Expr  (66)
	Expr : Expr . EQUAL Expr  (67)
	Expr : Expr . NOT_EQUAL Expr  (68)
	Expr : Expr . '<' Expr  (69)
	Expr : Expr . '>' Expr  (70)
	Expr : Expr . LESS_EQUAL Expr  (71)
	Expr : Expr . GREATER_EQUAL Expr  (72)
	Expr : Expr . AND Expr  (73)
	Expr : Expr . OR Expr  (74)

	.  reduce 59


state 230
	Expr : Expr '[' Expr ':' Expr ']' .  (58)

	.  reduce 58


state 231
	ForStmt : FOR '(' SimpleStmt ';' Expr ';' SimpleStmt . ')' Stmt  (98)

	')'  shift 237
	.  error


state 232
	ElseClause : ELSE Stmt .  (108)

	.  reduce 108


state 233
	Expr : '[' Expr FOR IDENTIFIER IN Expr IF . Expr ']'  (61)
	Receiver : .  (48)

	NULL  shift 53
	THIS  shift 54
	NEW  shift 60
	READ_INTEGER  shift 62
	READ_LINE  shift 63
	LITERAL  shift 64
	INSTANCEOF  shift 65
	'-'  shift 66
	'!'  shift 67
	'('  shift 68
	'['  shift 69
	VAR  shift 72
	IDENTIFIER  reduce 48

	Expr  goto 238
	LValue  goto 98
	Call  goto 99
	Receiver  goto 90
	Constant  goto 91
	ArrayConstant  goto 92


state 234
	Expr : '[' Expr FOR IDENTIFIER IN Expr ']' .  (60)

	.  reduce 60


state 235
	ForeachStmt : FOREACH '(' BoundVariable IN Expr WHILE Expr . ')' Stmt  (40)
	Receiver : Expr . '.'  (47)
	LValue : Expr . '[' Expr ']'  (50)
	Expr : Expr . ARRAY_INIT Expr  (56)
	Expr : Expr . ARRAY_JOINT Expr  (57)
	Expr : Expr . '[' Expr ':' Expr ']'  (58)
	Expr : Expr . '[' Expr ']' DEFAULT Expr  (59)
	Expr : Expr . '+' Expr  (62)
	Expr : Expr . '-' Expr  (63)
	Expr : Expr . '*' Expr  (64)
	Expr : Expr . '/' Expr  (65)
	Expr : Expr . '%' Expr  (66)
	Expr : Expr . EQUAL Expr  (67)
	Expr : Expr . NOT_EQUAL Expr  (68)
	Expr : Expr . '<' Expr  (69)
	Expr : Expr . '>' Expr  (70)
	Expr : Expr . LESS_EQUAL Expr  (71)
	Expr : Expr . GREATER_EQUAL Expr  (72)
	Expr : Expr . AND Expr  (73)
	Expr : Expr . OR Expr  (74)

	AND  shift 122
	OR  shift 123
	LESS_EQUAL  shift 124
	GREATER_EQUAL  shift 125
	EQUAL  shift 126
	NOT_EQUAL  shift 127
	'+'  shift 128
	'-'  shift 129
	'*'  shift 130
	'/'  shift 131
	'%'  shift 132
	'>'  shift 133
	'<'  shift 134
	'.'  shift 135
	')'  shift 239
	'['  shift 136
	ARRAY_INIT  shift 137
	ARRAY_JOINT  shift 138
	.  error


state 236
	ForeachStmt : FOREACH '(' BoundVariable IN Expr ')' Stmt .  (41)

	.  reduce 41


state 237
	ForStmt : FOR '(' SimpleStmt ';' Expr ';' SimpleStmt ')' . Stmt  (98)
	SimpleStmt : .  (46)
	Receiver : .  (48)

	VOID  shift 17
	BOOL  shift 18
	INT  shift 19
	STRING  shift 20
	CLASS  shift 21
	NULL  shift 53
	THIS  shift 54
	WHILE  shift 55
	FOR  shift 56
	IF  shift 57
	RETURN  shift 58
	BREAK  shift 59
	NEW  shift 60
	PRINT  shift 61
	READ_INTEGER  shift 62
	READ_LINE  shift 63
	LITERAL  shift 64
	INSTANCEOF  shift 65
	'-'  shift 66
	'!'  shift 67
	'('  shift 68
	'['  shift 69
	'{'  shift 48
	SCOPY  shift 71
	VAR  shift 72
	FOREACH  shift 73
	IDENTIFIER  reduce 48
	';'  reduce 46

	VariableDef  goto 74
	Variable  goto 25
	Type  goto 40
	StmtBlock  goto 75
	Stmt  goto 240
	SimpleStmt  goto 77
	GuardedStmt  goto 78
	ForeachStmt  goto 79
	IfStmt  goto 80
	WhileStmt  goto 81
	ForStmt  goto 82
	ReturnStmt  goto 83
	PrintStmt  goto 84
	BreakStmt  goto 85
	OcStmt  goto 86
	Expr  goto 87
	LValue  goto 88
	Call  goto 89
	Receiver  goto 90
	Constant  goto 91
	ArrayConstant  goto 92


state 238
	Receiver : Expr . '.'  (47)
	LValue : Expr . '[' Expr ']'  (50)
	Expr : Expr . ARRAY_INIT Expr  (56)
	Expr : Expr . ARRAY_JOINT Expr  (57)
	Expr : Expr . '[' Expr ':' Expr ']'  (58)
	Expr : Expr . '[' Expr ']' DEFAULT Expr  (59)
	Expr : '[' Expr FOR IDENTIFIER IN Expr IF Expr . ']'  (61)
	Expr : Expr . '+' Expr  (62)
	Expr : Expr . '-' Expr  (63)
	Expr : Expr . '*' Expr  (64)
	Expr : Expr . '/' Expr  (65)
	Expr : Expr . '%' Expr  (66)
	Expr : Expr . EQUAL Expr  (67)
	Expr : Expr . NOT_EQUAL Expr  (68)
	Expr : Expr . '<' Expr  (69)
	Expr : Expr . '>' Expr  (70)
	Expr : Expr . LESS_EQUAL Expr  (71)
	Expr : Expr . GREATER_EQUAL Expr  (72)
	Expr : Expr . AND Expr  (73)
	Expr : Expr . OR Expr  (74)

	AND  shift 122
	OR  shift 123
	LESS_EQUAL  shift 124
	GREATER_EQUAL  shift 125
	EQUAL  shift 126
	NOT_EQUAL  shift 127
	'+'  shift 128
	'-'  shift 129
	'*'  shift 130
	'/'  shift 131
	'%'  shift 132
	'>'  shift 133
	'<'  shift 134
	'.'  shift 135
	'['  shift 136
	']'  shift 241
	ARRAY_INIT  shift 137
	ARRAY_JOINT  shift 138
	.  error


state 239
	ForeachStmt : FOREACH '(' BoundVariable IN Expr WHILE Expr ')' . Stmt  (40)
	SimpleStmt : .  (46)
	Receiver : .  (48)

	VOID  shift 17
	BOOL  shift 18
	INT  shift 19
	STRING  shift 20
	CLASS  shift 21
	NULL  shift 53
	THIS  shift 54
	WHILE  shift 55
	FOR  shift 56
	IF  shift 57
	RETURN  shift 58
	BREAK  shift 59
	NEW  shift 60
	PRINT  shift 61
	READ_INTEGER  shift 62
	READ_LINE  shift 63
	LITERAL  shift 64
	INSTANCEOF  shift 65
	'-'  shift 66
	'!'  shift 67
	'('  shift 68
	'['  shift 69
	'{'  shift 48
	SCOPY  shift 71
	VAR  shift 72
	FOREACH  shift 73
	IDENTIFIER  reduce 48
	';'  reduce 46

	VariableDef  goto 74
	Variable  goto 25
	Type  goto 40
	StmtBlock  goto 75
	Stmt  goto 242
	SimpleStmt  goto 77
	GuardedStmt  goto 78
	ForeachStmt  goto 79
	IfStmt  goto 80
	WhileStmt  goto 81
	ForStmt  goto 82
	ReturnStmt  goto 83
	PrintStmt  goto 84
	BreakStmt  goto 85
	OcStmt  goto 86
	Expr  goto 87
	LValue  goto 88
	Call  goto 89
	Receiver  goto 90
	Constant  goto 91
	ArrayConstant  goto 92


state 240
	ForStmt : FOR '(' SimpleStmt ';' Expr ';' SimpleStmt ')' Stmt .  (98)

	.  reduce 98


state 241
	Expr : '[' Expr FOR IDENTIFIER IN Expr IF Expr ']' .  (61)

	.  reduce 61


state 242
	ForeachStmt : FOREACH '(' BoundVariable IN Expr WHILE Expr ')' Stmt .  (40)

	.  reduce 40


60 terminals, 40 nonterminals
113 grammar rules, 243 states
